TpTrace Verbose: 0 : 4420, 1, 2023/03/15, 17:24:04.138, 1700610895975, testhost.dll, Version: 17.3.2 Current process architecture: X64
TpTrace Verbose: 0 : 4420, 1, 2023/03/15, 17:24:04.140, 1700610915083, testhost.dll, Runtime location: C:\Program Files\dotnet\shared\Microsoft.NETCore.App\7.0.2
TpTrace Information: 0 : 4420, 1, 2023/03/15, 17:24:04.142, 1700610937031, testhost.dll, DefaultEngineInvoker.Invoke: Testhost process started with args :[--port, 58454],[--endpoint, 127.0.0.1:058454],[--role, client],[--parentprocessid, 18684],[--diag, C:\balta\PaymentContext\PaymentContext.Tests\bin\Debug\net7.0\fine-code-coverage\coverage-tool-output\diagnostics.host.23-03-15_17-24-03_94071_7.log],[--tracelevel, 4],[--datacollectionport, 58453],[--telemetryoptedin, false]
TpTrace Information: 0 : 4420, 1, 2023/03/15, 17:24:04.143, 1700610948372, testhost.dll, Setting up debug trace listener.
TpTrace Verbose: 0 : 4420, 1, 2023/03/15, 17:24:04.143, 1700610949778, testhost.dll, TestPlatformTraceListener.Setup: Replacing listener System.Diagnostics.DefaultTraceListener with TestHostTraceListener.
TpTrace Verbose: 0 : 4420, 1, 2023/03/15, 17:24:04.143, 1700610950635, testhost.dll, TestPlatformTraceListener.Setup: Added test platform trace listener.
TpTrace Information: 0 : 4420, 1, 2023/03/15, 17:24:04.144, 1700610953661, testhost.dll, DefaultEngineInvoker.SetParentProcessExitCallback: Monitoring parent process with id: '18684'
TpTrace Information: 0 : 4420, 1, 2023/03/15, 17:24:04.148, 1700610994847, testhost.dll, DefaultEngineInvoker.GetConnectionInfo: Initialize communication on endpoint address: '127.0.0.1:058454'
TpTrace Information: 0 : 4420, 1, 2023/03/15, 17:24:04.160, 1700611113558, testhost.dll, SocketClient.Start: connecting to server endpoint: 127.0.0.1:058454
TpTrace Information: 0 : 4420, 1, 2023/03/15, 17:24:04.166, 1700611176396, testhost.dll, DefaultEngineInvoker.ConnectToDatacollector: Connecting to datacollector, port: 58453
TpTrace Information: 0 : 4420, 9, 2023/03/15, 17:24:04.167, 1700611183372, testhost.dll, SocketClient.OnServerConnected: connected to server endpoint: 127.0.0.1:058454
TpTrace Information: 0 : 4420, 1, 2023/03/15, 17:24:04.167, 1700611187304, testhost.dll, Trying to connect to server on socket : 127.0.0.1:58453 
TpTrace Verbose: 0 : 4420, 1, 2023/03/15, 17:24:04.167, 1700611189901, testhost.dll, SocketCommunicationManager : SetupClientAsync : Attempting to connect to the server.
TpTrace Verbose: 0 : 4420, 9, 2023/03/15, 17:24:04.168, 1700611201238, testhost.dll, MulticastDelegateUtilities.SafeInvoke: SocketClient: ServerConnected: Invoking callback 1/1 for Microsoft.VisualStudio.TestPlatform.CommunicationUtilities.TestRequestHandler.<InitializeCommunication>b__31_0, took 0 ms.
TpTrace Verbose: 0 : 4420, 9, 2023/03/15, 17:24:04.168, 1700611202332, testhost.dll, Connected to server, and starting MessageLoopAsync
TpTrace Information: 0 : 4420, 11, 2023/03/15, 17:24:04.169, 1700611207780, testhost.dll, Connected to the server successfully 
TpTrace Information: 0 : 4420, 11, 2023/03/15, 17:24:04.169, 1700611208743, testhost.dll, Using the buffer size of 16384 bytes
TpTrace Verbose: 0 : 4420, 1, 2023/03/15, 17:24:04.169, 1700611209862, testhost.dll, SocketCommunicationManager.WaitForServerConnection took: 0 ms, with 90000 ms timeout, and finished with True.
TpTrace Information: 0 : 4420, 1, 2023/03/15, 17:24:04.169, 1700611210953, testhost.dll, DefaultEngineInvoker.Invoke: Start Request Processing.
TpTrace Verbose: 0 : 4420, 9, 2023/03/15, 17:24:04.170, 1700611213388, testhost.dll, TcpClientExtensions.MessageLoopAsync: Polling on remoteEndPoint: [::ffff:127.0.0.1]:58454 localEndPoint: [::ffff:127.0.0.1]:58455
TpTrace Verbose: 0 : 4420, 9, 2023/03/15, 17:24:04.170, 1700611214221, testhost.dll, TcpClientExtensions.MessageLoopAsync: NotifyDataAvailable remoteEndPoint: [::ffff:127.0.0.1]:58454 localEndPoint: [::ffff:127.0.0.1]:58455
TpTrace Information: 0 : 4420, 12, 2023/03/15, 17:24:04.170, 1700611218313, testhost.dll, DefaultEngineInvoker.StartProcessingAsync: Connected to vstest.console, Starting process requests.
TpTrace Information: 0 : 4420, 9, 2023/03/15, 17:24:04.172, 1700611237665, testhost.dll, TestRequestHandler.OnMessageReceived: received message: (ProtocolVersion) -> {"MessageType":"ProtocolVersion","Payload":7}
TpTrace Verbose: 0 : 4420, 9, 2023/03/15, 17:24:04.294, 1700612459651, testhost.dll, TestRequestHandler.SendData: sending data from testhost: {"Version":7,"MessageType":"TestSession.Message","Payload":{"MessageLevel":0,"Message":"Logging TestHost Diagnostics in file: C:\\balta\\PaymentContext\\PaymentContext.Tests\\bin\\Debug\\net7.0\\fine-code-coverage\\coverage-tool-output\\diagnostics.host.23-03-15_17-24-03_94071_7.log"}}
TpTrace Verbose: 0 : 4420, 9, 2023/03/15, 17:24:04.294, 1700612462417, testhost.dll, MulticastDelegateUtilities.SafeInvoke: LengthPrefixCommunicationChannel: MessageReceived: Invoking callback 1/1 for Microsoft.VisualStudio.TestPlatform.CommunicationUtilities.TestRequestHandler.OnMessageReceived, took 124 ms.
TpTrace Verbose: 0 : 4420, 9, 2023/03/15, 17:24:04.294, 1700612463011, testhost.dll, TcpClientExtensions.MessageLoopAsync: Polling on remoteEndPoint: [::ffff:127.0.0.1]:58454 localEndPoint: [::ffff:127.0.0.1]:58455
TpTrace Verbose: 0 : 4420, 9, 2023/03/15, 17:24:04.295, 1700612463690, testhost.dll, TcpClientExtensions.MessageLoopAsync: NotifyDataAvailable remoteEndPoint: [::ffff:127.0.0.1]:58454 localEndPoint: [::ffff:127.0.0.1]:58455
TpTrace Information: 0 : 4420, 9, 2023/03/15, 17:24:04.295, 1700612466622, testhost.dll, TestRequestHandler.OnMessageReceived: received message: (TestExecution.Initialize) -> {"Version":7,"MessageType":"TestExecution.Initialize","Payload":["C:\\balta\\PaymentContext\\PaymentContext.Tests\\bin\\Debug\\net7.0\\fine-code-coverage\\build-output\\Microsoft.VisualStudio.TestPlatform.MSTest.TestAdapter.dll"]}
TpTrace Verbose: 0 : 4420, 9, 2023/03/15, 17:24:04.301, 1700612531752, testhost.dll, MulticastDelegateUtilities.SafeInvoke: LengthPrefixCommunicationChannel: MessageReceived: Invoking callback 1/1 for Microsoft.VisualStudio.TestPlatform.CommunicationUtilities.TestRequestHandler.OnMessageReceived, took 6 ms.
TpTrace Verbose: 0 : 4420, 9, 2023/03/15, 17:24:04.301, 1700612532924, testhost.dll, TcpClientExtensions.MessageLoopAsync: Polling on remoteEndPoint: [::ffff:127.0.0.1]:58454 localEndPoint: [::ffff:127.0.0.1]:58455
TpTrace Verbose: 0 : 4420, 9, 2023/03/15, 17:24:04.302, 1700612533352, testhost.dll, TcpClientExtensions.MessageLoopAsync: NotifyDataAvailable remoteEndPoint: [::ffff:127.0.0.1]:58454 localEndPoint: [::ffff:127.0.0.1]:58455
TpTrace Information: 0 : 4420, 9, 2023/03/15, 17:24:04.302, 1700612534138, testhost.dll, TestRequestHandler.OnMessageReceived: received message: (TestExecution.StartWithSources) -> {"Version":7,"MessageType":"TestExecution.StartWithSources","Payload":{"AdapterSourceMap":{"_none_":["C:\\balta\\PaymentContext\\PaymentContext.Tests\\bin\\Debug\\net7.0\\fine-code-coverage\\build-output\\PaymentContext.Tests.dll"]},"RunSettings":"<RunSettings>\r\n  <RunConfiguration>\r\n    <ResultsDirectory>C:\\balta\\PaymentContext\\PaymentContext.Tests\\bin\\Debug\\net7.0\\fine-code-coverage\\coverage-tool-output</ResultsDirectory>\r\n    <TargetFrameworkVersion>.NETCoreApp,Version=v7.0</TargetFrameworkVersion>\r\n    <DesignMode>False</DesignMode>\r\n    <CollectSourceInformation>False</CollectSourceInformation>\r\n  </RunConfiguration>\r\n  <LoggerRunSettings>\r\n    <Loggers>\r\n      <Logger friendlyName=\"blame\" enabled=\"True\" />\r\n      <Logger friendlyName=\"Console\" uri=\"logger://microsoft/TestPlatform/ConsoleLogger/v1\" assemblyQualifiedName=\"Microsoft.VisualStudio.TestPlatform.CommandLine.Internal.ConsoleLogger, vstest.console, Version=15.0.0.0, Culture=neutral, PublicKeyToken=b03f5f7f11d50a3a\" codeBase=\"C:\\Program Files\\dotnet\\sdk\\7.0.102\\vstest.console.dll\" enabled=\"True\" />\r\n    </Loggers>\r\n  </LoggerRunSettings>\r\n  <DataCollectionRunSettings>\r\n    <DataCollectors>\r\n      <DataCollector friendlyName=\"blame\" enabled=\"True\">\r\n        <Configuration>\r\n          <ResultsDirectory>C:\\balta\\PaymentContext\\PaymentContext.Tests\\bin\\Debug\\net7.0\\fine-code-coverage\\coverage-tool-output</ResultsDirectory>\r\n        </Configuration>\r\n      </DataCollector>\r\n    </DataCollectors>\r\n  </DataCollectionRunSettings>\r\n</RunSettings>","TestExecutionContext":{"FrequencyOfRunStatsChangeEvent":10,"RunStatsChangeEventTimeout":"00:00:01.5000000","InIsolation":false,"KeepAlive":false,"AreTestCaseLevelEventsRequired":false,"IsDebug":false,"TestCaseFilter":null,"FilterOptions":null},"Package":null}}
TpTrace Information: 0 : 4420, 4, 2023/03/15, 17:24:04.302, 1700612537159, testhost.dll, TestRequestHandler.OnMessageReceived: Running job 'TestExecution.Initialize'.
TpTrace Verbose: 0 : 4420, 4, 2023/03/15, 17:24:04.304, 1700612556579, testhost.dll, TestExecutorService: Loading the extensions
TpTrace Verbose: 0 : 4420, 4, 2023/03/15, 17:24:04.305, 1700612572258, testhost.dll, TestPluginCache.DiscoverTestExtensions: finding test extensions in assemblies ends with: TestAdapter.dll TPluginInfo: Microsoft.VisualStudio.TestPlatform.Common.ExtensionFramework.Utilities.TestExecutorPluginInformation TExtension: Microsoft.VisualStudio.TestPlatform.ObjectModel.Adapter.ITestExecutor
TpTrace Verbose: 0 : 4420, 4, 2023/03/15, 17:24:04.307, 1700612584260, testhost.dll, TestPluginCache.GetExtensionPaths: Filtered extension paths: 
TpTrace Verbose: 0 : 4420, 4, 2023/03/15, 17:24:04.307, 1700612589394, testhost.dll, TestPluginCache.GetExtensionPaths: Added default extension paths: C:\balta\PaymentContext\PaymentContext.Tests\bin\Debug\net7.0\fine-code-coverage\build-output\Microsoft.VisualStudio.TestPlatform.MSTest.TestAdapter.dll
TpTrace Verbose: 0 : 4420, 4, 2023/03/15, 17:24:04.307, 1700612590281, testhost.dll, TestPluginCache.GetExtensionPaths: Added unfilterableExtensionPaths: 
TpTrace Information: 0 : 4420, 4, 2023/03/15, 17:24:04.309, 1700612608828, testhost.dll, AssemblyResolver.ctor: Creating AssemblyResolver with searchDirectories C:\balta\PaymentContext\PaymentContext.Tests\bin\Debug\net7.0\fine-code-coverage\build-output
TpTrace Verbose: 0 : 4420, 4, 2023/03/15, 17:24:04.310, 1700612620606, testhost.dll, TestPluginCache.DiscoverTestExtensions: Discovering the extensions using extension path.
TpTrace Verbose: 0 : 4420, 4, 2023/03/15, 17:24:04.310, 1700612622125, testhost.dll, TestPluginCache.GetExtensionPaths: Filtered extension paths: 
TpTrace Verbose: 0 : 4420, 4, 2023/03/15, 17:24:04.310, 1700612622550, testhost.dll, TestPluginCache.GetExtensionPaths: Added default extension paths: C:\balta\PaymentContext\PaymentContext.Tests\bin\Debug\net7.0\fine-code-coverage\build-output\Microsoft.VisualStudio.TestPlatform.MSTest.TestAdapter.dll
TpTrace Verbose: 0 : 4420, 4, 2023/03/15, 17:24:04.310, 1700612622808, testhost.dll, TestPluginCache.GetExtensionPaths: Added unfilterableExtensionPaths: 
TpTrace Verbose: 0 : 4420, 4, 2023/03/15, 17:24:04.311, 1700612623655, testhost.dll, TestPluginCache.DiscoverTestExtensions: Discovering the extensions using allExtensionPaths: C:\balta\PaymentContext\PaymentContext.Tests\bin\Debug\net7.0\fine-code-coverage\build-output\Microsoft.VisualStudio.TestPlatform.MSTest.TestAdapter.dll
TpTrace Information: 0 : 4420, 4, 2023/03/15, 17:24:04.311, 1700612628777, testhost.dll, AssemblyResolver.AddSearchDirectories: Adding more searchDirectories C:\balta\PaymentContext\PaymentContext.Tests\bin\Debug\net7.0\fine-code-coverage\build-output
TpTrace Information: 0 : 4420, 4, 2023/03/15, 17:24:04.313, 1700612648313, testhost.dll, AssemblyResolver.OnResolve: Microsoft.VisualStudio.TestPlatform.MSTest.TestAdapter: Resolving assembly.
TpTrace Information: 0 : 4420, 4, 2023/03/15, 17:24:04.313, 1700612649416, testhost.dll, AssemblyResolver.OnResolve: Microsoft.VisualStudio.TestPlatform.MSTest.TestAdapter: Searching in: 'C:\balta\PaymentContext\PaymentContext.Tests\bin\Debug\net7.0\fine-code-coverage\build-output'.
TpTrace Information: 0 : 4420, 4, 2023/03/15, 17:24:04.324, 1700612754678, testhost.dll, AssemblyResolver.OnResolve: Microsoft.VisualStudio.TestPlatform.MSTest.TestAdapter: Loading assembly 'C:\balta\PaymentContext\PaymentContext.Tests\bin\Debug\net7.0\fine-code-coverage\build-output\Microsoft.VisualStudio.TestPlatform.MSTest.TestAdapter.dll'.
TpTrace Information: 0 : 4420, 4, 2023/03/15, 17:24:04.324, 1700612762875, testhost.dll, AssemblyResolver.OnResolve: Resolved assembly: Microsoft.VisualStudio.TestPlatform.MSTest.TestAdapter, from path: C:\balta\PaymentContext\PaymentContext.Tests\bin\Debug\net7.0\fine-code-coverage\build-output\Microsoft.VisualStudio.TestPlatform.MSTest.TestAdapter.dll
TpTrace Verbose: 0 : 4420, 9, 2023/03/15, 17:24:04.325, 1700612768730, testhost.dll, MulticastDelegateUtilities.SafeInvoke: LengthPrefixCommunicationChannel: MessageReceived: Invoking callback 1/1 for Microsoft.VisualStudio.TestPlatform.CommunicationUtilities.TestRequestHandler.OnMessageReceived, took 23 ms.
TpTrace Verbose: 0 : 4420, 9, 2023/03/15, 17:24:04.325, 1700612769617, testhost.dll, TcpClientExtensions.MessageLoopAsync: Polling on remoteEndPoint: [::ffff:127.0.0.1]:58454 localEndPoint: [::ffff:127.0.0.1]:58455
TpTrace Verbose: 0 : 4420, 4, 2023/03/15, 17:24:04.336, 1700612879912, testhost.dll, MetadataReaderExtensionsHelper: Discovering extensions inside assembly 'Microsoft.VisualStudio.TestPlatform.MSTest.TestAdapter, Version=14.0.0.0, Culture=neutral, PublicKeyToken=b03f5f7f11d50a3a' file path 'C:\balta\PaymentContext\PaymentContext.Tests\bin\Debug\net7.0\fine-code-coverage\build-output\Microsoft.VisualStudio.TestPlatform.MSTest.TestAdapter.dll'
TpTrace Information: 0 : 4420, 4, 2023/03/15, 17:24:04.340, 1700612917280, testhost.dll, GetTestExtensionFromType: Register extension with identifier data 'executor://MSTestAdapter/v2' and type 'Microsoft.VisualStudio.TestPlatform.MSTest.TestAdapter.MSTestExecutor, Microsoft.VisualStudio.TestPlatform.MSTest.TestAdapter, Version=14.0.0.0, Culture=neutral, PublicKeyToken=b03f5f7f11d50a3a' inside file 'C:\balta\PaymentContext\PaymentContext.Tests\bin\Debug\net7.0\fine-code-coverage\build-output\Microsoft.VisualStudio.TestPlatform.MSTest.TestAdapter.dll'
TpTrace Verbose: 0 : 4420, 4, 2023/03/15, 17:24:04.341, 1700612932766, testhost.dll, TestPluginCache: Discovered the extensions using extension path ''.
TpTrace Verbose: 0 : 4420, 4, 2023/03/15, 17:24:04.342, 1700612937141, testhost.dll, TestPluginCache: Discoverers are ''.
TpTrace Verbose: 0 : 4420, 4, 2023/03/15, 17:24:04.342, 1700612937839, testhost.dll, TestPluginCache: Executors are 'executor://MSTestAdapter/v2'.
TpTrace Verbose: 0 : 4420, 4, 2023/03/15, 17:24:04.342, 1700612938401, testhost.dll, TestPluginCache: Executors2 are ''.
TpTrace Verbose: 0 : 4420, 4, 2023/03/15, 17:24:04.342, 1700612938809, testhost.dll, TestPluginCache: Setting providers are ''.
TpTrace Verbose: 0 : 4420, 4, 2023/03/15, 17:24:04.342, 1700612939244, testhost.dll, TestPluginCache: Loggers are ''.
TpTrace Verbose: 0 : 4420, 4, 2023/03/15, 17:24:04.342, 1700612939684, testhost.dll, TestPluginCache: TestHosts are ''.
TpTrace Verbose: 0 : 4420, 4, 2023/03/15, 17:24:04.342, 1700612940084, testhost.dll, TestPluginCache: DataCollectors are ''.
TpTrace Verbose: 0 : 4420, 4, 2023/03/15, 17:24:04.344, 1700612955553, testhost.dll, TestPluginCache.DiscoverTestExtensions: finding test extensions in assemblies ends with: TestAdapter.dll TPluginInfo: Microsoft.VisualStudio.TestPlatform.Common.ExtensionFramework.Utilities.TestExecutorPluginInformation2 TExtension: Microsoft.VisualStudio.TestPlatform.ObjectModel.Adapter.ITestExecutor2
TpTrace Verbose: 0 : 4420, 4, 2023/03/15, 17:24:04.344, 1700612958256, testhost.dll, TestPluginCache.GetExtensionPaths: Filtered extension paths: 
TpTrace Verbose: 0 : 4420, 4, 2023/03/15, 17:24:04.344, 1700612958756, testhost.dll, TestPluginCache.GetExtensionPaths: Added default extension paths: C:\balta\PaymentContext\PaymentContext.Tests\bin\Debug\net7.0\fine-code-coverage\build-output\Microsoft.VisualStudio.TestPlatform.MSTest.TestAdapter.dll
TpTrace Verbose: 0 : 4420, 4, 2023/03/15, 17:24:04.344, 1700612959060, testhost.dll, TestPluginCache.GetExtensionPaths: Added unfilterableExtensionPaths: 
TpTrace Information: 0 : 4420, 4, 2023/03/15, 17:24:04.344, 1700612961862, testhost.dll, AssemblyResolver.AddSearchDirectories: Adding more searchDirectories C:\balta\PaymentContext\PaymentContext.Tests\bin\Debug\net7.0\fine-code-coverage\build-output
TpTrace Verbose: 0 : 4420, 4, 2023/03/15, 17:24:04.344, 1700612962423, testhost.dll, TestPluginCache.DiscoverTestExtensions: Discovering the extensions using extension path.
TpTrace Verbose: 0 : 4420, 4, 2023/03/15, 17:24:04.344, 1700612962884, testhost.dll, TestPluginCache.GetExtensionPaths: Filtered extension paths: 
TpTrace Verbose: 0 : 4420, 4, 2023/03/15, 17:24:04.345, 1700612963099, testhost.dll, TestPluginCache.GetExtensionPaths: Added default extension paths: C:\balta\PaymentContext\PaymentContext.Tests\bin\Debug\net7.0\fine-code-coverage\build-output\Microsoft.VisualStudio.TestPlatform.MSTest.TestAdapter.dll
TpTrace Verbose: 0 : 4420, 4, 2023/03/15, 17:24:04.345, 1700612963309, testhost.dll, TestPluginCache.GetExtensionPaths: Added unfilterableExtensionPaths: 
TpTrace Verbose: 0 : 4420, 4, 2023/03/15, 17:24:04.345, 1700612963518, testhost.dll, TestPluginCache.DiscoverTestExtensions: Discovering the extensions using allExtensionPaths: C:\balta\PaymentContext\PaymentContext.Tests\bin\Debug\net7.0\fine-code-coverage\build-output\Microsoft.VisualStudio.TestPlatform.MSTest.TestAdapter.dll
TpTrace Information: 0 : 4420, 4, 2023/03/15, 17:24:04.345, 1700612963850, testhost.dll, AssemblyResolver.AddSearchDirectories: Adding more searchDirectories C:\balta\PaymentContext\PaymentContext.Tests\bin\Debug\net7.0\fine-code-coverage\build-output
TpTrace Verbose: 0 : 4420, 4, 2023/03/15, 17:24:04.345, 1700612964345, testhost.dll, MetadataReaderExtensionsHelper: Discovering extensions inside assembly 'Microsoft.VisualStudio.TestPlatform.MSTest.TestAdapter, Version=14.0.0.0, Culture=neutral, PublicKeyToken=b03f5f7f11d50a3a' file path 'C:\balta\PaymentContext\PaymentContext.Tests\bin\Debug\net7.0\fine-code-coverage\build-output\Microsoft.VisualStudio.TestPlatform.MSTest.TestAdapter.dll'
TpTrace Verbose: 0 : 4420, 4, 2023/03/15, 17:24:04.345, 1700612969702, testhost.dll, TestPluginCache: Discovered the extensions using extension path ''.
TpTrace Verbose: 0 : 4420, 4, 2023/03/15, 17:24:04.345, 1700612970233, testhost.dll, TestPluginCache: Discoverers are ''.
TpTrace Verbose: 0 : 4420, 4, 2023/03/15, 17:24:04.345, 1700612970559, testhost.dll, TestPluginCache: Executors are 'executor://MSTestAdapter/v2'.
TpTrace Verbose: 0 : 4420, 4, 2023/03/15, 17:24:04.345, 1700612971016, testhost.dll, TestPluginCache: Executors2 are ''.
TpTrace Verbose: 0 : 4420, 4, 2023/03/15, 17:24:04.345, 1700612971245, testhost.dll, TestPluginCache: Setting providers are ''.
TpTrace Verbose: 0 : 4420, 4, 2023/03/15, 17:24:04.345, 1700612971445, testhost.dll, TestPluginCache: Loggers are ''.
TpTrace Verbose: 0 : 4420, 4, 2023/03/15, 17:24:04.345, 1700612971634, testhost.dll, TestPluginCache: TestHosts are ''.
TpTrace Verbose: 0 : 4420, 4, 2023/03/15, 17:24:04.345, 1700612971819, testhost.dll, TestPluginCache: DataCollectors are ''.
TpTrace Information: 0 : 4420, 4, 2023/03/15, 17:24:04.348, 1700613001403, testhost.dll, TestPluginManager.CreateTestExtension: Attempting to load test extension: Microsoft.VisualStudio.TestPlatform.MSTest.TestAdapter.MSTestExecutor
TpTrace Verbose: 0 : 4420, 4, 2023/03/15, 17:24:04.352, 1700613040336, testhost.dll, TestExecutorExtensionManager: Loading executor Microsoft.VisualStudio.TestPlatform.MSTest.TestAdapter.MSTestExecutor
TpTrace Verbose: 0 : 4420, 4, 2023/03/15, 17:24:04.352, 1700613041491, testhost.dll, TestExecutorService: Loaded the executors
TpTrace Verbose: 0 : 4420, 4, 2023/03/15, 17:24:04.353, 1700613046496, testhost.dll, TestPluginCache.DiscoverTestExtensions: finding test extensions in assemblies ends with: TestAdapter.dll TPluginInfo: Microsoft.VisualStudio.TestPlatform.Common.ExtensionFramework.Utilities.TestSettingsProviderPluginInformation TExtension: Microsoft.VisualStudio.TestPlatform.ObjectModel.Adapter.ISettingsProvider
TpTrace Verbose: 0 : 4420, 4, 2023/03/15, 17:24:04.353, 1700613048009, testhost.dll, TestPluginCache.GetExtensionPaths: Filtered extension paths: 
TpTrace Verbose: 0 : 4420, 4, 2023/03/15, 17:24:04.353, 1700613048710, testhost.dll, TestPluginCache.GetExtensionPaths: Added default extension paths: C:\balta\PaymentContext\PaymentContext.Tests\bin\Debug\net7.0\fine-code-coverage\build-output\Microsoft.VisualStudio.TestPlatform.MSTest.TestAdapter.dll
TpTrace Verbose: 0 : 4420, 4, 2023/03/15, 17:24:04.353, 1700613049092, testhost.dll, TestPluginCache.GetExtensionPaths: Added unfilterableExtensionPaths: 
TpTrace Information: 0 : 4420, 4, 2023/03/15, 17:24:04.353, 1700613050563, testhost.dll, AssemblyResolver.AddSearchDirectories: Adding more searchDirectories C:\balta\PaymentContext\PaymentContext.Tests\bin\Debug\net7.0\fine-code-coverage\build-output
TpTrace Verbose: 0 : 4420, 4, 2023/03/15, 17:24:04.353, 1700613051112, testhost.dll, TestPluginCache.DiscoverTestExtensions: Discovering the extensions using extension path.
TpTrace Verbose: 0 : 4420, 4, 2023/03/15, 17:24:04.353, 1700613051489, testhost.dll, TestPluginCache.GetExtensionPaths: Filtered extension paths: 
TpTrace Verbose: 0 : 4420, 4, 2023/03/15, 17:24:04.353, 1700613051805, testhost.dll, TestPluginCache.GetExtensionPaths: Added default extension paths: C:\balta\PaymentContext\PaymentContext.Tests\bin\Debug\net7.0\fine-code-coverage\build-output\Microsoft.VisualStudio.TestPlatform.MSTest.TestAdapter.dll
TpTrace Verbose: 0 : 4420, 4, 2023/03/15, 17:24:04.353, 1700613052136, testhost.dll, TestPluginCache.GetExtensionPaths: Added unfilterableExtensionPaths: 
TpTrace Verbose: 0 : 4420, 4, 2023/03/15, 17:24:04.353, 1700613052480, testhost.dll, TestPluginCache.DiscoverTestExtensions: Discovering the extensions using allExtensionPaths: C:\balta\PaymentContext\PaymentContext.Tests\bin\Debug\net7.0\fine-code-coverage\build-output\Microsoft.VisualStudio.TestPlatform.MSTest.TestAdapter.dll
TpTrace Information: 0 : 4420, 4, 2023/03/15, 17:24:04.353, 1700613052948, testhost.dll, AssemblyResolver.AddSearchDirectories: Adding more searchDirectories C:\balta\PaymentContext\PaymentContext.Tests\bin\Debug\net7.0\fine-code-coverage\build-output
TpTrace Verbose: 0 : 4420, 4, 2023/03/15, 17:24:04.354, 1700613053693, testhost.dll, MetadataReaderExtensionsHelper: Discovering extensions inside assembly 'Microsoft.VisualStudio.TestPlatform.MSTest.TestAdapter, Version=14.0.0.0, Culture=neutral, PublicKeyToken=b03f5f7f11d50a3a' file path 'C:\balta\PaymentContext\PaymentContext.Tests\bin\Debug\net7.0\fine-code-coverage\build-output\Microsoft.VisualStudio.TestPlatform.MSTest.TestAdapter.dll'
TpTrace Verbose: 0 : 4420, 4, 2023/03/15, 17:24:04.354, 1700613059127, testhost.dll, TestPluginCache: Discovered the extensions using extension path ''.
TpTrace Verbose: 0 : 4420, 4, 2023/03/15, 17:24:04.354, 1700613059653, testhost.dll, TestPluginCache: Discoverers are ''.
TpTrace Verbose: 0 : 4420, 4, 2023/03/15, 17:24:04.354, 1700613059900, testhost.dll, TestPluginCache: Executors are 'executor://MSTestAdapter/v2'.
TpTrace Verbose: 0 : 4420, 4, 2023/03/15, 17:24:04.354, 1700613060116, testhost.dll, TestPluginCache: Executors2 are ''.
TpTrace Verbose: 0 : 4420, 4, 2023/03/15, 17:24:04.354, 1700613060437, testhost.dll, TestPluginCache: Setting providers are ''.
TpTrace Verbose: 0 : 4420, 4, 2023/03/15, 17:24:04.354, 1700613060643, testhost.dll, TestPluginCache: Loggers are ''.
TpTrace Verbose: 0 : 4420, 4, 2023/03/15, 17:24:04.354, 1700613060833, testhost.dll, TestPluginCache: TestHosts are ''.
TpTrace Verbose: 0 : 4420, 4, 2023/03/15, 17:24:04.354, 1700613061013, testhost.dll, TestPluginCache: DataCollectors are ''.
TpTrace Verbose: 0 : 4420, 4, 2023/03/15, 17:24:04.355, 1700613066570, testhost.dll, TestExecutorService: Loaded the settings providers
TpTrace Information: 0 : 4420, 4, 2023/03/15, 17:24:04.355, 1700613067202, testhost.dll, TestExecutorService: Loaded the extensions
TpTrace Information: 0 : 4420, 4, 2023/03/15, 17:24:04.355, 1700613070187, testhost.dll, TestRequestHandler.OnMessageReceived: Running job 'TestExecution.StartWithSources'.
TpTrace Verbose: 0 : 4420, 4, 2023/03/15, 17:24:04.402, 1700613535055, testhost.dll, MulticastDelegateUtilities.SafeInvoke: TestCaseEventsHandler.RaiseSessionStart: Invoking callbacks was skipped because there are no subscribers.
TpTrace Information: 0 : 4420, 4, 2023/03/15, 17:24:04.403, 1700613548209, testhost.dll, TestDiscoveryManager: Discovering tests from sources C:\balta\PaymentContext\PaymentContext.Tests\bin\Debug\net7.0\fine-code-coverage\build-output\PaymentContext.Tests.dll
TpTrace Verbose: 0 : 4420, 4, 2023/03/15, 17:24:04.404, 1700613559890, testhost.dll, TestPluginCache.DiscoverTestExtensions: finding test extensions in assemblies ends with: TestAdapter.dll TPluginInfo: Microsoft.VisualStudio.TestPlatform.Common.ExtensionFramework.Utilities.TestDiscovererPluginInformation TExtension: Microsoft.VisualStudio.TestPlatform.ObjectModel.Adapter.ITestDiscoverer
TpTrace Verbose: 0 : 4420, 4, 2023/03/15, 17:24:04.404, 1700613560900, testhost.dll, TestPluginCache.GetExtensionPaths: Filtered extension paths: 
TpTrace Verbose: 0 : 4420, 4, 2023/03/15, 17:24:04.404, 1700613561275, testhost.dll, TestPluginCache.GetExtensionPaths: Added default extension paths: C:\balta\PaymentContext\PaymentContext.Tests\bin\Debug\net7.0\fine-code-coverage\build-output\Microsoft.VisualStudio.TestPlatform.MSTest.TestAdapter.dll
TpTrace Verbose: 0 : 4420, 4, 2023/03/15, 17:24:04.404, 1700613561488, testhost.dll, TestPluginCache.GetExtensionPaths: Added unfilterableExtensionPaths: 
TpTrace Information: 0 : 4420, 4, 2023/03/15, 17:24:04.404, 1700613562302, testhost.dll, AssemblyResolver.AddSearchDirectories: Adding more searchDirectories C:\balta\PaymentContext\PaymentContext.Tests\bin\Debug\net7.0\fine-code-coverage\build-output
TpTrace Verbose: 0 : 4420, 4, 2023/03/15, 17:24:04.404, 1700613562652, testhost.dll, TestPluginCache.DiscoverTestExtensions: Discovering the extensions using extension path.
TpTrace Verbose: 0 : 4420, 4, 2023/03/15, 17:24:04.404, 1700613562867, testhost.dll, TestPluginCache.GetExtensionPaths: Filtered extension paths: 
TpTrace Verbose: 0 : 4420, 4, 2023/03/15, 17:24:04.405, 1700613563062, testhost.dll, TestPluginCache.GetExtensionPaths: Added default extension paths: C:\balta\PaymentContext\PaymentContext.Tests\bin\Debug\net7.0\fine-code-coverage\build-output\Microsoft.VisualStudio.TestPlatform.MSTest.TestAdapter.dll
TpTrace Verbose: 0 : 4420, 4, 2023/03/15, 17:24:04.405, 1700613563258, testhost.dll, TestPluginCache.GetExtensionPaths: Added unfilterableExtensionPaths: 
TpTrace Verbose: 0 : 4420, 4, 2023/03/15, 17:24:04.405, 1700613563457, testhost.dll, TestPluginCache.DiscoverTestExtensions: Discovering the extensions using allExtensionPaths: C:\balta\PaymentContext\PaymentContext.Tests\bin\Debug\net7.0\fine-code-coverage\build-output\Microsoft.VisualStudio.TestPlatform.MSTest.TestAdapter.dll
TpTrace Information: 0 : 4420, 4, 2023/03/15, 17:24:04.405, 1700613563770, testhost.dll, AssemblyResolver.AddSearchDirectories: Adding more searchDirectories C:\balta\PaymentContext\PaymentContext.Tests\bin\Debug\net7.0\fine-code-coverage\build-output
TpTrace Verbose: 0 : 4420, 4, 2023/03/15, 17:24:04.405, 1700613564416, testhost.dll, MetadataReaderExtensionsHelper: Discovering extensions inside assembly 'Microsoft.VisualStudio.TestPlatform.MSTest.TestAdapter, Version=14.0.0.0, Culture=neutral, PublicKeyToken=b03f5f7f11d50a3a' file path 'C:\balta\PaymentContext\PaymentContext.Tests\bin\Debug\net7.0\fine-code-coverage\build-output\Microsoft.VisualStudio.TestPlatform.MSTest.TestAdapter.dll'
TpTrace Information: 0 : 4420, 4, 2023/03/15, 17:24:04.406, 1700613577810, testhost.dll, GetTestExtensionFromType: Register extension with identifier data 'Microsoft.VisualStudio.TestPlatform.MSTest.TestAdapter.MSTestDiscoverer, Microsoft.VisualStudio.TestPlatform.MSTest.TestAdapter, Version=14.0.0.0, Culture=neutral, PublicKeyToken=b03f5f7f11d50a3a' and type 'Microsoft.VisualStudio.TestPlatform.MSTest.TestAdapter.MSTestDiscoverer, Microsoft.VisualStudio.TestPlatform.MSTest.TestAdapter, Version=14.0.0.0, Culture=neutral, PublicKeyToken=b03f5f7f11d50a3a' inside file 'C:\balta\PaymentContext\PaymentContext.Tests\bin\Debug\net7.0\fine-code-coverage\build-output\Microsoft.VisualStudio.TestPlatform.MSTest.TestAdapter.dll'
TpTrace Verbose: 0 : 4420, 4, 2023/03/15, 17:24:04.406, 1700613579192, testhost.dll, TestPluginCache: Discovered the extensions using extension path ''.
TpTrace Verbose: 0 : 4420, 4, 2023/03/15, 17:24:04.406, 1700613579665, testhost.dll, TestPluginCache: Discoverers are 'Microsoft.VisualStudio.TestPlatform.MSTest.TestAdapter.MSTestDiscoverer, Microsoft.VisualStudio.TestPlatform.MSTest.TestAdapter, Version=14.0.0.0, Culture=neutral, PublicKeyToken=b03f5f7f11d50a3a'.
TpTrace Verbose: 0 : 4420, 4, 2023/03/15, 17:24:04.406, 1700613579917, testhost.dll, TestPluginCache: Executors are 'executor://MSTestAdapter/v2'.
TpTrace Verbose: 0 : 4420, 4, 2023/03/15, 17:24:04.406, 1700613580125, testhost.dll, TestPluginCache: Executors2 are ''.
TpTrace Verbose: 0 : 4420, 4, 2023/03/15, 17:24:04.406, 1700613580320, testhost.dll, TestPluginCache: Setting providers are ''.
TpTrace Verbose: 0 : 4420, 4, 2023/03/15, 17:24:04.406, 1700613580504, testhost.dll, TestPluginCache: Loggers are ''.
TpTrace Verbose: 0 : 4420, 4, 2023/03/15, 17:24:04.406, 1700613580722, testhost.dll, TestPluginCache: TestHosts are ''.
TpTrace Verbose: 0 : 4420, 4, 2023/03/15, 17:24:04.406, 1700613580899, testhost.dll, TestPluginCache: DataCollectors are ''.
TpTrace Verbose: 0 : 4420, 4, 2023/03/15, 17:24:04.409, 1700613612071, testhost.dll, BaseRunTests.RunTestInternalWithExecutors: Running tests for executor://MSTestAdapter/v2
TpTrace Information: 0 : 4420, 4, 2023/03/15, 17:24:04.410, 1700613617228, testhost.dll, AssemblyResolver.OnResolve: Microsoft.VisualStudio.TestPlatform.MSTestAdapter.PlatformServices.Interface: Resolving assembly.
TpTrace Information: 0 : 4420, 4, 2023/03/15, 17:24:04.410, 1700613618007, testhost.dll, AssemblyResolver.OnResolve: Microsoft.VisualStudio.TestPlatform.MSTestAdapter.PlatformServices.Interface: Searching in: 'C:\balta\PaymentContext\PaymentContext.Tests\bin\Debug\net7.0\fine-code-coverage\build-output'.
TpTrace Information: 0 : 4420, 4, 2023/03/15, 17:24:04.410, 1700613622263, testhost.dll, AssemblyResolver.OnResolve: Microsoft.VisualStudio.TestPlatform.MSTestAdapter.PlatformServices.Interface: Loading assembly 'C:\balta\PaymentContext\PaymentContext.Tests\bin\Debug\net7.0\fine-code-coverage\build-output\Microsoft.VisualStudio.TestPlatform.MSTestAdapter.PlatformServices.Interface.dll'.
TpTrace Information: 0 : 4420, 4, 2023/03/15, 17:24:04.411, 1700613627978, testhost.dll, AssemblyResolver.OnResolve: Resolved assembly: Microsoft.VisualStudio.TestPlatform.MSTestAdapter.PlatformServices.Interface, from path: C:\balta\PaymentContext\PaymentContext.Tests\bin\Debug\net7.0\fine-code-coverage\build-output\Microsoft.VisualStudio.TestPlatform.MSTestAdapter.PlatformServices.Interface.dll
TpTrace Information: 0 : 4420, 4, 2023/03/15, 17:24:04.412, 1700613639507, testhost.dll, AssemblyResolver.OnResolve: Microsoft.VisualStudio.TestPlatform.MSTestAdapter.PlatformServices: Resolving assembly.
TpTrace Information: 0 : 4420, 4, 2023/03/15, 17:24:04.412, 1700613640167, testhost.dll, AssemblyResolver.OnResolve: Microsoft.VisualStudio.TestPlatform.MSTestAdapter.PlatformServices: Searching in: 'C:\balta\PaymentContext\PaymentContext.Tests\bin\Debug\net7.0\fine-code-coverage\build-output'.
TpTrace Information: 0 : 4420, 4, 2023/03/15, 17:24:04.412, 1700613642790, testhost.dll, AssemblyResolver.OnResolve: Microsoft.VisualStudio.TestPlatform.MSTestAdapter.PlatformServices: Loading assembly 'C:\balta\PaymentContext\PaymentContext.Tests\bin\Debug\net7.0\fine-code-coverage\build-output\Microsoft.VisualStudio.TestPlatform.MSTestAdapter.PlatformServices.dll'.
TpTrace Information: 0 : 4420, 4, 2023/03/15, 17:24:04.413, 1700613648101, testhost.dll, AssemblyResolver.OnResolve: Resolved assembly: Microsoft.VisualStudio.TestPlatform.MSTestAdapter.PlatformServices, from path: C:\balta\PaymentContext\PaymentContext.Tests\bin\Debug\net7.0\fine-code-coverage\build-output\Microsoft.VisualStudio.TestPlatform.MSTestAdapter.PlatformServices.dll
TpTrace Information: 0 : 4420, 4, 2023/03/15, 17:24:04.413, 1700613651468, testhost.dll, MSTest - MSTestExecutor.RunTests: Running tests from sources.
TpTrace Information: 0 : 4420, 4, 2023/03/15, 17:24:04.415, 1700613669525, testhost.dll, MSTest - CollectSourceInformation value Found : False 
TpTrace Information: 0 : 4420, 4, 2023/03/15, 17:24:04.428, 1700613797361, testhost.dll, MSTest - DictionaryHelper.ConcatWithOverwrites: The source is null or empty, returning the overwrite dictionary.
TpTrace Information: 0 : 4420, 4, 2023/03/15, 17:24:04.432, 1700613835072, testhost.dll, MSTest - DictionaryHelper.ConcatWithOverwrites: The source is null or empty, returning the overwrite dictionary.
TpTrace Information: 0 : 4420, 4, 2023/03/15, 17:24:04.432, 1700613838883, testhost.dll, MSTest - DictionaryHelper.ConcatWithOverwrites: The source is null or empty, returning the overwrite dictionary.
TpTrace Information: 0 : 4420, 4, 2023/03/15, 17:24:04.432, 1700613841982, testhost.dll, MSTest - DictionaryHelper.ConcatWithOverwrites: The source is null or empty, returning the overwrite dictionary.
TpTrace Information: 0 : 4420, 4, 2023/03/15, 17:24:04.433, 1700613843334, testhost.dll, MSTest - DictionaryHelper.ConcatWithOverwrites: The source is null or empty, returning the overwrite dictionary.
TpTrace Information: 0 : 4420, 4, 2023/03/15, 17:24:04.433, 1700613845609, testhost.dll, MSTest - DictionaryHelper.ConcatWithOverwrites: The source is null or empty, returning the overwrite dictionary.
TpTrace Information: 0 : 4420, 4, 2023/03/15, 17:24:04.436, 1700613873836, testhost.dll, AssemblyResolver.OnResolve: Microsoft.TestPlatform.AdapterUtilities: Resolving assembly.
TpTrace Information: 0 : 4420, 4, 2023/03/15, 17:24:04.436, 1700613874976, testhost.dll, AssemblyResolver.OnResolve: Microsoft.TestPlatform.AdapterUtilities: Searching in: 'C:\balta\PaymentContext\PaymentContext.Tests\bin\Debug\net7.0\fine-code-coverage\build-output'.
TpTrace Information: 0 : 4420, 4, 2023/03/15, 17:24:04.436, 1700613879182, testhost.dll, AssemblyResolver.OnResolve: Microsoft.TestPlatform.AdapterUtilities: Loading assembly 'C:\balta\PaymentContext\PaymentContext.Tests\bin\Debug\net7.0\fine-code-coverage\build-output\Microsoft.TestPlatform.AdapterUtilities.dll'.
TpTrace Information: 0 : 4420, 4, 2023/03/15, 17:24:04.437, 1700613885200, testhost.dll, AssemblyResolver.OnResolve: Resolved assembly: Microsoft.TestPlatform.AdapterUtilities, from path: C:\balta\PaymentContext\PaymentContext.Tests\bin\Debug\net7.0\fine-code-coverage\build-output\Microsoft.TestPlatform.AdapterUtilities.dll
TpTrace Information: 0 : 4420, 4, 2023/03/15, 17:24:04.452, 1700614039487, testhost.dll, MSTest - DictionaryHelper.ConcatWithOverwrites: The source is null or empty, returning the overwrite dictionary.
TpTrace Information: 0 : 4420, 4, 2023/03/15, 17:24:04.452, 1700614042626, testhost.dll, MSTest - DictionaryHelper.ConcatWithOverwrites: The source is null or empty, returning the overwrite dictionary.
TpTrace Information: 0 : 4420, 4, 2023/03/15, 17:24:04.455, 1700614064272, testhost.dll, AssemblyResolver.OnResolve: Microsoft.VisualStudio.TestPlatform.TestFramework.resources: Resolving assembly.
TpTrace Information: 0 : 4420, 4, 2023/03/15, 17:24:04.455, 1700614065389, testhost.dll, AssemblyResolver.OnResolve: Microsoft.VisualStudio.TestPlatform.TestFramework.resources: Searching in: 'C:\balta\PaymentContext\PaymentContext.Tests\bin\Debug\net7.0\fine-code-coverage\build-output'.
TpTrace Information: 0 : 4420, 4, 2023/03/15, 17:24:04.455, 1700614065919, testhost.dll, AssemblyResolver.OnResolve: Microsoft.VisualStudio.TestPlatform.TestFramework.resources: Assembly path does not exist: 'C:\balta\PaymentContext\PaymentContext.Tests\bin\Debug\net7.0\fine-code-coverage\build-output\Microsoft.VisualStudio.TestPlatform.TestFramework.resources.dll', returning.
TpTrace Information: 0 : 4420, 4, 2023/03/15, 17:24:04.455, 1700614066350, testhost.dll, AssemblyResolver.OnResolve: Microsoft.VisualStudio.TestPlatform.TestFramework.resources: Assembly path does not exist: 'C:\balta\PaymentContext\PaymentContext.Tests\bin\Debug\net7.0\fine-code-coverage\build-output\Microsoft.VisualStudio.TestPlatform.TestFramework.resources.exe', returning.
TpTrace Information: 0 : 4420, 4, 2023/03/15, 17:24:04.455, 1700614066614, testhost.dll, AssemblyResolver.OnResolve: Microsoft.VisualStudio.TestPlatform.TestFramework.resources: Failed to load assembly.
TpTrace Information: 0 : 4420, 4, 2023/03/15, 17:24:04.462, 1700614134766, testhost.dll, MSTest - DictionaryHelper.ConcatWithOverwrites: The source is null or empty, returning the overwrite dictionary.
TpTrace Information: 0 : 4420, 4, 2023/03/15, 17:24:04.465, 1700614166675, testhost.dll, MSTest - DictionaryHelper.ConcatWithOverwrites: The source is null or empty, returning the overwrite dictionary.
TpTrace Information: 0 : 4420, 4, 2023/03/15, 17:24:04.465, 1700614171695, testhost.dll, AssemblyResolver.OnResolve: Microsoft.VisualStudio.TestPlatform.MSTest.TestAdapter.resources: Resolving assembly.
TpTrace Information: 0 : 4420, 4, 2023/03/15, 17:24:04.465, 1700614172426, testhost.dll, AssemblyResolver.OnResolve: Microsoft.VisualStudio.TestPlatform.MSTest.TestAdapter.resources: Searching in: 'C:\balta\PaymentContext\PaymentContext.Tests\bin\Debug\net7.0\fine-code-coverage\build-output'.
TpTrace Information: 0 : 4420, 4, 2023/03/15, 17:24:04.465, 1700614172986, testhost.dll, AssemblyResolver.OnResolve: Microsoft.VisualStudio.TestPlatform.MSTest.TestAdapter.resources: Assembly path does not exist: 'C:\balta\PaymentContext\PaymentContext.Tests\bin\Debug\net7.0\fine-code-coverage\build-output\Microsoft.VisualStudio.TestPlatform.MSTest.TestAdapter.resources.dll', returning.
TpTrace Information: 0 : 4420, 4, 2023/03/15, 17:24:04.466, 1700614173404, testhost.dll, AssemblyResolver.OnResolve: Microsoft.VisualStudio.TestPlatform.MSTest.TestAdapter.resources: Assembly path does not exist: 'C:\balta\PaymentContext\PaymentContext.Tests\bin\Debug\net7.0\fine-code-coverage\build-output\Microsoft.VisualStudio.TestPlatform.MSTest.TestAdapter.resources.exe', returning.
TpTrace Information: 0 : 4420, 4, 2023/03/15, 17:24:04.466, 1700614173651, testhost.dll, AssemblyResolver.OnResolve: Microsoft.VisualStudio.TestPlatform.MSTest.TestAdapter.resources: Failed to load assembly.
TpTrace Information: 0 : 4420, 4, 2023/03/15, 17:24:04.467, 1700614189112, testhost.dll, MSTest - DictionaryHelper.ConcatWithOverwrites: The source is null or empty, returning the overwrite dictionary.
TpTrace Information: 0 : 4420, 4, 2023/03/15, 17:24:04.467, 1700614191333, testhost.dll, MSTest - DictionaryHelper.ConcatWithOverwrites: The source is null or empty, returning the overwrite dictionary.
TpTrace Information: 0 : 4420, 4, 2023/03/15, 17:24:04.468, 1700614193466, testhost.dll, MSTest - DictionaryHelper.ConcatWithOverwrites: The source is null or empty, returning the overwrite dictionary.
TpTrace Information: 0 : 4420, 4, 2023/03/15, 17:24:04.468, 1700614195254, testhost.dll, MSTest - DictionaryHelper.ConcatWithOverwrites: The source is null or empty, returning the overwrite dictionary.
TpTrace Information: 0 : 4420, 4, 2023/03/15, 17:24:04.468, 1700614196937, testhost.dll, MSTest - MSTestDiscoverer: Warning during discovery from C:\balta\PaymentContext\PaymentContext.Tests\bin\Debug\net7.0\fine-code-coverage\build-output\PaymentContext.Tests.dll. UTA007: Method DocumentExists defined in class PaymentContext.Tests.Mock.FakeStudentRepository does not have correct signature. Test method marked with the [TestMethod] attribute must be non-static, public, return-type as void  and should not take any parameter. Example: public void Test.Class1.Test(). Additionally, if you are using async-await in test method then return-type must be Task. Example: public async Task Test.Class1.Test2() 
TpTrace Warning: 0 : 4420, 4, 2023/03/15, 17:24:04.468, 1700614202181, testhost.dll, [MSTest][Discovery][C:\balta\PaymentContext\PaymentContext.Tests\bin\Debug\net7.0\fine-code-coverage\build-output\PaymentContext.Tests.dll] UTA007: Method DocumentExists defined in class PaymentContext.Tests.Mock.FakeStudentRepository does not have correct signature. Test method marked with the [TestMethod] attribute must be non-static, public, return-type as void  and should not take any parameter. Example: public void Test.Class1.Test(). Additionally, if you are using async-await in test method then return-type must be Task. Example: public async Task Test.Class1.Test2()
TpTrace Verbose: 0 : 4420, 4, 2023/03/15, 17:24:04.469, 1700614203458, testhost.dll, TestRequestHandler.SendData: sending data from testhost: {"Version":7,"MessageType":"TestSession.Message","Payload":{"MessageLevel":1,"Message":"[MSTest][Discovery][C:\\balta\\PaymentContext\\PaymentContext.Tests\\bin\\Debug\\net7.0\\fine-code-coverage\\build-output\\PaymentContext.Tests.dll] UTA007: Method DocumentExists defined in class PaymentContext.Tests.Mock.FakeStudentRepository does not have correct signature. Test method marked with the [TestMethod] attribute must be non-static, public, return-type as void  and should not take any parameter. Example: public void Test.Class1.Test(). Additionally, if you are using async-await in test method then return-type must be Task. Example: public async Task Test.Class1.Test2()"}}
TpTrace Verbose: 0 : 4420, 4, 2023/03/15, 17:24:04.469, 1700614205090, testhost.dll, MulticastDelegateUtilities.SafeInvoke: TestRunMessageLoggerProxy.SendMessage: Invoking callback 1/1 for Microsoft.VisualStudio.TestPlatform.CrossPlatEngine.Execution.RunTestsWithSources.OnTestRunMessage, took 0 ms.
TpTrace Information: 0 : 4420, 4, 2023/03/15, 17:24:04.469, 1700614205474, testhost.dll, MSTest - MSTestDiscoverer: Warning during discovery from C:\balta\PaymentContext\PaymentContext.Tests\bin\Debug\net7.0\fine-code-coverage\build-output\PaymentContext.Tests.dll. UTA007: Method EmailExists defined in class PaymentContext.Tests.Mock.FakeStudentRepository does not have correct signature. Test method marked with the [TestMethod] attribute must be non-static, public, return-type as void  and should not take any parameter. Example: public void Test.Class1.Test(). Additionally, if you are using async-await in test method then return-type must be Task. Example: public async Task Test.Class1.Test2() 
TpTrace Warning: 0 : 4420, 4, 2023/03/15, 17:24:04.469, 1700614207551, testhost.dll, [MSTest][Discovery][C:\balta\PaymentContext\PaymentContext.Tests\bin\Debug\net7.0\fine-code-coverage\build-output\PaymentContext.Tests.dll] UTA007: Method EmailExists defined in class PaymentContext.Tests.Mock.FakeStudentRepository does not have correct signature. Test method marked with the [TestMethod] attribute must be non-static, public, return-type as void  and should not take any parameter. Example: public void Test.Class1.Test(). Additionally, if you are using async-await in test method then return-type must be Task. Example: public async Task Test.Class1.Test2()
TpTrace Verbose: 0 : 4420, 4, 2023/03/15, 17:24:04.469, 1700614208244, testhost.dll, TestRequestHandler.SendData: sending data from testhost: {"Version":7,"MessageType":"TestSession.Message","Payload":{"MessageLevel":1,"Message":"[MSTest][Discovery][C:\\balta\\PaymentContext\\PaymentContext.Tests\\bin\\Debug\\net7.0\\fine-code-coverage\\build-output\\PaymentContext.Tests.dll] UTA007: Method EmailExists defined in class PaymentContext.Tests.Mock.FakeStudentRepository does not have correct signature. Test method marked with the [TestMethod] attribute must be non-static, public, return-type as void  and should not take any parameter. Example: public void Test.Class1.Test(). Additionally, if you are using async-await in test method then return-type must be Task. Example: public async Task Test.Class1.Test2()"}}
TpTrace Verbose: 0 : 4420, 4, 2023/03/15, 17:24:04.469, 1700614209022, testhost.dll, MulticastDelegateUtilities.SafeInvoke: TestRunMessageLoggerProxy.SendMessage: Invoking callback 1/1 for Microsoft.VisualStudio.TestPlatform.CrossPlatEngine.Execution.RunTestsWithSources.OnTestRunMessage, took 0 ms.
TpTrace Information: 0 : 4420, 4, 2023/03/15, 17:24:04.469, 1700614209411, testhost.dll, MSTest - MSTestDiscoverer: Found 16 tests from source C:\balta\PaymentContext\PaymentContext.Tests\bin\Debug\net7.0\fine-code-coverage\build-output\PaymentContext.Tests.dll
TpTrace Information: 0 : 4420, 4, 2023/03/15, 17:24:04.481, 1700614327034, testhost.dll, AssemblyResolver.OnResolve: Microsoft.VisualStudio.TestPlatform.MSTestAdapter.PlatformServices.resources: Resolving assembly.
TpTrace Information: 0 : 4420, 4, 2023/03/15, 17:24:04.481, 1700614328129, testhost.dll, AssemblyResolver.OnResolve: Microsoft.VisualStudio.TestPlatform.MSTestAdapter.PlatformServices.resources: Searching in: 'C:\balta\PaymentContext\PaymentContext.Tests\bin\Debug\net7.0\fine-code-coverage\build-output'.
TpTrace Information: 0 : 4420, 4, 2023/03/15, 17:24:04.481, 1700614328693, testhost.dll, AssemblyResolver.OnResolve: Microsoft.VisualStudio.TestPlatform.MSTestAdapter.PlatformServices.resources: Assembly path does not exist: 'C:\balta\PaymentContext\PaymentContext.Tests\bin\Debug\net7.0\fine-code-coverage\build-output\Microsoft.VisualStudio.TestPlatform.MSTestAdapter.PlatformServices.resources.dll', returning.
TpTrace Information: 0 : 4420, 4, 2023/03/15, 17:24:04.481, 1700614329125, testhost.dll, AssemblyResolver.OnResolve: Microsoft.VisualStudio.TestPlatform.MSTestAdapter.PlatformServices.resources: Assembly path does not exist: 'C:\balta\PaymentContext\PaymentContext.Tests\bin\Debug\net7.0\fine-code-coverage\build-output\Microsoft.VisualStudio.TestPlatform.MSTestAdapter.PlatformServices.resources.exe', returning.
TpTrace Information: 0 : 4420, 4, 2023/03/15, 17:24:04.481, 1700614329421, testhost.dll, AssemblyResolver.OnResolve: Microsoft.VisualStudio.TestPlatform.MSTestAdapter.PlatformServices.resources: Failed to load assembly.
TpTrace Information: 0 : 4420, 4, 2023/03/15, 17:24:04.481, 1700614330567, testhost.dll, AssemblyResolver.OnResolve: Microsoft.VisualStudio.TestPlatform.MSTestAdapter.PlatformServices.resources: Resolving assembly.
TpTrace Information: 0 : 4420, 4, 2023/03/15, 17:24:04.481, 1700614330889, testhost.dll, AssemblyResolver.OnResolve: Microsoft.VisualStudio.TestPlatform.MSTestAdapter.PlatformServices.resources: Resolved from cache.
TpTrace Information: 0 : 4420, 4, 2023/03/15, 17:24:04.486, 1700614382152, testhost.dll, MSTest - Created unit-test runner C:\balta\PaymentContext\PaymentContext.Tests\bin\Debug\net7.0\fine-code-coverage\build-output\PaymentContext.Tests.dll
TpTrace Verbose: 0 : 4420, 4, 2023/03/15, 17:24:04.493, 1700614443667, testhost.dll, TestExecutionRecorder.RecordStart: Starting test: PaymentContext.Tests.StudentQueriesTests.ShouldReturnNullWhenDocumentNotExists.
TpTrace Verbose: 0 : 4420, 4, 2023/03/15, 17:24:04.546, 1700614979387, testhost.dll, MulticastDelegateUtilities.SafeInvoke: TestCaseEventsHandler.RaiseTestCaseStart: Invoking callback 1/1 for Microsoft.VisualStudio.TestPlatform.CrossPlatEngine.DataCollection.ProxyOutOfProcDataCollectionManager.TriggerTestCaseStart, took 51 ms.
TpTrace Information: 0 : 4420, 4, 2023/03/15, 17:24:04.548, 1700614993216, testhost.dll, MSTest - Executing test ShouldReturnNullWhenDocumentNotExists
TpTrace Information: 0 : 4420, 4, 2023/03/15, 17:24:04.578, 1700615300661, testhost.dll, MSTest - Executed test ShouldReturnNullWhenDocumentNotExists
TpTrace Verbose: 0 : 4420, 4, 2023/03/15, 17:24:04.580, 1700615318928, testhost.dll, TestExecutionRecorder.RecordEnd: test: PaymentContext.Tests.StudentQueriesTests.ShouldReturnNullWhenDocumentNotExists execution completed.
TpTrace Verbose: 0 : 4420, 4, 2023/03/15, 17:24:04.591, 1700615431339, testhost.dll, MulticastDelegateUtilities.SafeInvoke: TestCaseEventsHandler.RaiseTestCaseEnd: Invoking callback 1/1 for Microsoft.VisualStudio.TestPlatform.CrossPlatEngine.DataCollection.ProxyOutOfProcDataCollectionManager.TriggerTestCaseEnd, took 10 ms.
TpTrace Verbose: 0 : 4420, 4, 2023/03/15, 17:24:04.592, 1700615435823, testhost.dll, TestExecutionRecorder.RecordResult: Received result for test: PaymentContext.Tests.StudentQueriesTests.ShouldReturnNullWhenDocumentNotExists.
TpTrace Verbose: 0 : 4420, 4, 2023/03/15, 17:24:04.592, 1700615441489, testhost.dll, MulticastDelegateUtilities.SafeInvoke: TestCaseEventsHandler.RaiseTestCaseEnd: Invoking callback 1/1 for Microsoft.VisualStudio.TestPlatform.CrossPlatEngine.DataCollection.ProxyOutOfProcDataCollectionManager.TriggerSendTestResult, took 0 ms.
TpTrace Warning: 0 : 4420, 4, 2023/03/15, 17:24:04.594, 1700615455574, testhost.dll, TestRunCache: InProgressTests is null
TpTrace Warning: 0 : 4420, 4, 2023/03/15, 17:24:04.594, 1700615456676, testhost.dll, TestRunCache: No test found corresponding to testResult 'ShouldReturnNullWhenDocumentNotExists' in inProgress list.
TpTrace Verbose: 0 : 4420, 4, 2023/03/15, 17:24:04.594, 1700615457679, testhost.dll, TestExecutionRecorder.RecordStart: Starting test: PaymentContext.Tests.StudentQueriesTests.ShouldReturnStudentWhenDocumentExists.
TpTrace Verbose: 0 : 4420, 4, 2023/03/15, 17:24:04.596, 1700615474922, testhost.dll, MulticastDelegateUtilities.SafeInvoke: TestCaseEventsHandler.RaiseTestCaseStart: Invoking callback 1/1 for Microsoft.VisualStudio.TestPlatform.CrossPlatEngine.DataCollection.ProxyOutOfProcDataCollectionManager.TriggerTestCaseStart, took 1 ms.
TpTrace Information: 0 : 4420, 4, 2023/03/15, 17:24:04.596, 1700615475728, testhost.dll, MSTest - Executing test ShouldReturnStudentWhenDocumentExists
TpTrace Information: 0 : 4420, 4, 2023/03/15, 17:24:04.598, 1700615494142, testhost.dll, MSTest - Executed test ShouldReturnStudentWhenDocumentExists
TpTrace Verbose: 0 : 4420, 4, 2023/03/15, 17:24:04.598, 1700615495345, testhost.dll, TestExecutionRecorder.RecordEnd: test: PaymentContext.Tests.StudentQueriesTests.ShouldReturnStudentWhenDocumentExists execution completed.
TpTrace Verbose: 0 : 4420, 4, 2023/03/15, 17:24:04.599, 1700615512603, testhost.dll, MulticastDelegateUtilities.SafeInvoke: TestCaseEventsHandler.RaiseTestCaseEnd: Invoking callback 1/1 for Microsoft.VisualStudio.TestPlatform.CrossPlatEngine.DataCollection.ProxyOutOfProcDataCollectionManager.TriggerTestCaseEnd, took 1 ms.
TpTrace Verbose: 0 : 4420, 4, 2023/03/15, 17:24:04.600, 1700615513760, testhost.dll, TestExecutionRecorder.RecordResult: Received result for test: PaymentContext.Tests.StudentQueriesTests.ShouldReturnStudentWhenDocumentExists.
TpTrace Verbose: 0 : 4420, 4, 2023/03/15, 17:24:04.600, 1700615515507, testhost.dll, MulticastDelegateUtilities.SafeInvoke: TestCaseEventsHandler.RaiseTestCaseEnd: Invoking callback 1/1 for Microsoft.VisualStudio.TestPlatform.CrossPlatEngine.DataCollection.ProxyOutOfProcDataCollectionManager.TriggerSendTestResult, took 0 ms.
TpTrace Warning: 0 : 4420, 4, 2023/03/15, 17:24:04.600, 1700615519222, testhost.dll, TestRunCache: InProgressTests is null
TpTrace Warning: 0 : 4420, 4, 2023/03/15, 17:24:04.600, 1700615520091, testhost.dll, TestRunCache: No test found corresponding to testResult 'ShouldReturnStudentWhenDocumentExists' in inProgress list.
TpTrace Verbose: 0 : 4420, 4, 2023/03/15, 17:24:04.600, 1700615520904, testhost.dll, TestExecutionRecorder.RecordStart: Starting test: PaymentContext.Tests.UnitTest1.TestMethod1.
TpTrace Verbose: 0 : 4420, 4, 2023/03/15, 17:24:04.605, 1700615569598, testhost.dll, MulticastDelegateUtilities.SafeInvoke: TestCaseEventsHandler.RaiseTestCaseStart: Invoking callback 1/1 for Microsoft.VisualStudio.TestPlatform.CrossPlatEngine.DataCollection.ProxyOutOfProcDataCollectionManager.TriggerTestCaseStart, took 4 ms.
TpTrace Information: 0 : 4420, 4, 2023/03/15, 17:24:04.605, 1700615570544, testhost.dll, MSTest - Executing test TestMethod1
TpTrace Information: 0 : 4420, 4, 2023/03/15, 17:24:04.606, 1700615573823, testhost.dll, MSTest - Executed test TestMethod1
TpTrace Verbose: 0 : 4420, 4, 2023/03/15, 17:24:04.606, 1700615574409, testhost.dll, TestExecutionRecorder.RecordEnd: test: PaymentContext.Tests.UnitTest1.TestMethod1 execution completed.
TpTrace Verbose: 0 : 4420, 4, 2023/03/15, 17:24:04.607, 1700615585724, testhost.dll, MulticastDelegateUtilities.SafeInvoke: TestCaseEventsHandler.RaiseTestCaseEnd: Invoking callback 1/1 for Microsoft.VisualStudio.TestPlatform.CrossPlatEngine.DataCollection.ProxyOutOfProcDataCollectionManager.TriggerTestCaseEnd, took 1 ms.
TpTrace Verbose: 0 : 4420, 4, 2023/03/15, 17:24:04.607, 1700615586398, testhost.dll, TestExecutionRecorder.RecordResult: Received result for test: PaymentContext.Tests.UnitTest1.TestMethod1.
TpTrace Verbose: 0 : 4420, 4, 2023/03/15, 17:24:04.607, 1700615586792, testhost.dll, MulticastDelegateUtilities.SafeInvoke: TestCaseEventsHandler.RaiseTestCaseEnd: Invoking callback 1/1 for Microsoft.VisualStudio.TestPlatform.CrossPlatEngine.DataCollection.ProxyOutOfProcDataCollectionManager.TriggerSendTestResult, took 0 ms.
TpTrace Warning: 0 : 4420, 4, 2023/03/15, 17:24:04.607, 1700615587255, testhost.dll, TestRunCache: InProgressTests is null
TpTrace Warning: 0 : 4420, 4, 2023/03/15, 17:24:04.607, 1700615587475, testhost.dll, TestRunCache: No test found corresponding to testResult 'TestMethod1' in inProgress list.
TpTrace Verbose: 0 : 4420, 4, 2023/03/15, 17:24:04.607, 1700615588138, testhost.dll, TestExecutionRecorder.RecordStart: Starting test: PaymentContext.Tests.DocumentTests.ShouldReturnErrorWhenCNPJIsInvalid.
TpTrace Verbose: 0 : 4420, 4, 2023/03/15, 17:24:04.608, 1700615597447, testhost.dll, MulticastDelegateUtilities.SafeInvoke: TestCaseEventsHandler.RaiseTestCaseStart: Invoking callback 1/1 for Microsoft.VisualStudio.TestPlatform.CrossPlatEngine.DataCollection.ProxyOutOfProcDataCollectionManager.TriggerTestCaseStart, took 0 ms.
TpTrace Information: 0 : 4420, 4, 2023/03/15, 17:24:04.608, 1700615598081, testhost.dll, MSTest - Executing test ShouldReturnErrorWhenCNPJIsInvalid
TpTrace Information: 0 : 4420, 4, 2023/03/15, 17:24:04.608, 1700615602851, testhost.dll, MSTest - Executed test ShouldReturnErrorWhenCNPJIsInvalid
TpTrace Verbose: 0 : 4420, 4, 2023/03/15, 17:24:04.609, 1700615603391, testhost.dll, TestExecutionRecorder.RecordEnd: test: PaymentContext.Tests.DocumentTests.ShouldReturnErrorWhenCNPJIsInvalid execution completed.
TpTrace Verbose: 0 : 4420, 4, 2023/03/15, 17:24:04.610, 1700615613311, testhost.dll, MulticastDelegateUtilities.SafeInvoke: TestCaseEventsHandler.RaiseTestCaseEnd: Invoking callback 1/1 for Microsoft.VisualStudio.TestPlatform.CrossPlatEngine.DataCollection.ProxyOutOfProcDataCollectionManager.TriggerTestCaseEnd, took 0 ms.
TpTrace Verbose: 0 : 4420, 4, 2023/03/15, 17:24:04.610, 1700615614017, testhost.dll, TestExecutionRecorder.RecordResult: Received result for test: PaymentContext.Tests.DocumentTests.ShouldReturnErrorWhenCNPJIsInvalid.
TpTrace Verbose: 0 : 4420, 4, 2023/03/15, 17:24:04.610, 1700615614350, testhost.dll, MulticastDelegateUtilities.SafeInvoke: TestCaseEventsHandler.RaiseTestCaseEnd: Invoking callback 1/1 for Microsoft.VisualStudio.TestPlatform.CrossPlatEngine.DataCollection.ProxyOutOfProcDataCollectionManager.TriggerSendTestResult, took 0 ms.
TpTrace Warning: 0 : 4420, 4, 2023/03/15, 17:24:04.610, 1700615614606, testhost.dll, TestRunCache: InProgressTests is null
TpTrace Warning: 0 : 4420, 4, 2023/03/15, 17:24:04.610, 1700615614799, testhost.dll, TestRunCache: No test found corresponding to testResult 'ShouldReturnErrorWhenCNPJIsInvalid' in inProgress list.
TpTrace Verbose: 0 : 4420, 4, 2023/03/15, 17:24:04.610, 1700615615297, testhost.dll, TestExecutionRecorder.RecordStart: Starting test: PaymentContext.Tests.DocumentTests.ShouldReturnSuccessWhenCNPJIsValid.
TpTrace Verbose: 0 : 4420, 4, 2023/03/15, 17:24:04.611, 1700615624442, testhost.dll, MulticastDelegateUtilities.SafeInvoke: TestCaseEventsHandler.RaiseTestCaseStart: Invoking callback 1/1 for Microsoft.VisualStudio.TestPlatform.CrossPlatEngine.DataCollection.ProxyOutOfProcDataCollectionManager.TriggerTestCaseStart, took 0 ms.
TpTrace Information: 0 : 4420, 4, 2023/03/15, 17:24:04.611, 1700615625027, testhost.dll, MSTest - Executing test ShouldReturnSuccessWhenCNPJIsValid
TpTrace Information: 0 : 4420, 4, 2023/03/15, 17:24:04.611, 1700615629465, testhost.dll, MSTest - Executed test ShouldReturnSuccessWhenCNPJIsValid
TpTrace Verbose: 0 : 4420, 4, 2023/03/15, 17:24:04.611, 1700615629997, testhost.dll, TestExecutionRecorder.RecordEnd: test: PaymentContext.Tests.DocumentTests.ShouldReturnSuccessWhenCNPJIsValid execution completed.
TpTrace Verbose: 0 : 4420, 4, 2023/03/15, 17:24:04.612, 1700615640561, testhost.dll, MulticastDelegateUtilities.SafeInvoke: TestCaseEventsHandler.RaiseTestCaseEnd: Invoking callback 1/1 for Microsoft.VisualStudio.TestPlatform.CrossPlatEngine.DataCollection.ProxyOutOfProcDataCollectionManager.TriggerTestCaseEnd, took 1 ms.
TpTrace Verbose: 0 : 4420, 4, 2023/03/15, 17:24:04.612, 1700615641318, testhost.dll, TestExecutionRecorder.RecordResult: Received result for test: PaymentContext.Tests.DocumentTests.ShouldReturnSuccessWhenCNPJIsValid.
TpTrace Verbose: 0 : 4420, 4, 2023/03/15, 17:24:04.612, 1700615641726, testhost.dll, MulticastDelegateUtilities.SafeInvoke: TestCaseEventsHandler.RaiseTestCaseEnd: Invoking callback 1/1 for Microsoft.VisualStudio.TestPlatform.CrossPlatEngine.DataCollection.ProxyOutOfProcDataCollectionManager.TriggerSendTestResult, took 0 ms.
TpTrace Warning: 0 : 4420, 4, 2023/03/15, 17:24:04.612, 1700615642033, testhost.dll, TestRunCache: InProgressTests is null
TpTrace Warning: 0 : 4420, 4, 2023/03/15, 17:24:04.612, 1700615642260, testhost.dll, TestRunCache: No test found corresponding to testResult 'ShouldReturnSuccessWhenCNPJIsValid' in inProgress list.
TpTrace Verbose: 0 : 4420, 4, 2023/03/15, 17:24:04.612, 1700615642844, testhost.dll, TestExecutionRecorder.RecordStart: Starting test: PaymentContext.Tests.DocumentTests.ShouldReturnErrorWhenCPFIsInvalid.
TpTrace Verbose: 0 : 4420, 4, 2023/03/15, 17:24:04.614, 1700615658719, testhost.dll, MulticastDelegateUtilities.SafeInvoke: TestCaseEventsHandler.RaiseTestCaseStart: Invoking callback 1/1 for Microsoft.VisualStudio.TestPlatform.CrossPlatEngine.DataCollection.ProxyOutOfProcDataCollectionManager.TriggerTestCaseStart, took 1 ms.
TpTrace Information: 0 : 4420, 4, 2023/03/15, 17:24:04.614, 1700615659565, testhost.dll, MSTest - Executing test ShouldReturnErrorWhenCPFIsInvalid
TpTrace Information: 0 : 4420, 4, 2023/03/15, 17:24:04.614, 1700615662248, testhost.dll, MSTest - Executed test ShouldReturnErrorWhenCPFIsInvalid
TpTrace Verbose: 0 : 4420, 4, 2023/03/15, 17:24:04.614, 1700615662844, testhost.dll, TestExecutionRecorder.RecordEnd: test: PaymentContext.Tests.DocumentTests.ShouldReturnErrorWhenCPFIsInvalid execution completed.
TpTrace Verbose: 0 : 4420, 4, 2023/03/15, 17:24:04.616, 1700615675539, testhost.dll, MulticastDelegateUtilities.SafeInvoke: TestCaseEventsHandler.RaiseTestCaseEnd: Invoking callback 1/1 for Microsoft.VisualStudio.TestPlatform.CrossPlatEngine.DataCollection.ProxyOutOfProcDataCollectionManager.TriggerTestCaseEnd, took 1 ms.
TpTrace Verbose: 0 : 4420, 4, 2023/03/15, 17:24:04.616, 1700615676280, testhost.dll, TestExecutionRecorder.RecordResult: Received result for test: PaymentContext.Tests.DocumentTests.ShouldReturnErrorWhenCPFIsInvalid.
TpTrace Verbose: 0 : 4420, 4, 2023/03/15, 17:24:04.616, 1700615676777, testhost.dll, MulticastDelegateUtilities.SafeInvoke: TestCaseEventsHandler.RaiseTestCaseEnd: Invoking callback 1/1 for Microsoft.VisualStudio.TestPlatform.CrossPlatEngine.DataCollection.ProxyOutOfProcDataCollectionManager.TriggerSendTestResult, took 0 ms.
TpTrace Warning: 0 : 4420, 4, 2023/03/15, 17:24:04.616, 1700615677336, testhost.dll, TestRunCache: InProgressTests is null
TpTrace Warning: 0 : 4420, 4, 2023/03/15, 17:24:04.616, 1700615677679, testhost.dll, TestRunCache: No test found corresponding to testResult 'ShouldReturnErrorWhenCPFIsInvalid' in inProgress list.
TpTrace Verbose: 0 : 4420, 4, 2023/03/15, 17:24:04.616, 1700615678649, testhost.dll, TestExecutionRecorder.RecordStart: Starting test: PaymentContext.Tests.DocumentTests.ShouldReturnSuccessWhenCPFIsValid.
TpTrace Verbose: 0 : 4420, 4, 2023/03/15, 17:24:04.618, 1700615695189, testhost.dll, MulticastDelegateUtilities.SafeInvoke: TestCaseEventsHandler.RaiseTestCaseStart: Invoking callback 1/1 for Microsoft.VisualStudio.TestPlatform.CrossPlatEngine.DataCollection.ProxyOutOfProcDataCollectionManager.TriggerTestCaseStart, took 1 ms.
TpTrace Information: 0 : 4420, 4, 2023/03/15, 17:24:04.618, 1700615696174, testhost.dll, MSTest - Executing test ShouldReturnSuccessWhenCPFIsValid
TpTrace Information: 0 : 4420, 4, 2023/03/15, 17:24:04.621, 1700615724360, testhost.dll, MSTest - Executed test ShouldReturnSuccessWhenCPFIsValid
TpTrace Verbose: 0 : 4420, 4, 2023/03/15, 17:24:04.621, 1700615725418, testhost.dll, TestExecutionRecorder.RecordEnd: test: PaymentContext.Tests.DocumentTests.ShouldReturnSuccessWhenCPFIsValid execution completed.
TpTrace Verbose: 0 : 4420, 4, 2023/03/15, 17:24:04.622, 1700615739797, testhost.dll, MulticastDelegateUtilities.SafeInvoke: TestCaseEventsHandler.RaiseTestCaseEnd: Invoking callback 1/1 for Microsoft.VisualStudio.TestPlatform.CrossPlatEngine.DataCollection.ProxyOutOfProcDataCollectionManager.TriggerTestCaseEnd, took 1 ms.
TpTrace Verbose: 0 : 4420, 4, 2023/03/15, 17:24:04.622, 1700615740595, testhost.dll, TestExecutionRecorder.RecordResult: Received result for test: PaymentContext.Tests.DocumentTests.ShouldReturnSuccessWhenCPFIsValid.
TpTrace Verbose: 0 : 4420, 4, 2023/03/15, 17:24:04.622, 1700615740986, testhost.dll, MulticastDelegateUtilities.SafeInvoke: TestCaseEventsHandler.RaiseTestCaseEnd: Invoking callback 1/1 for Microsoft.VisualStudio.TestPlatform.CrossPlatEngine.DataCollection.ProxyOutOfProcDataCollectionManager.TriggerSendTestResult, took 0 ms.
TpTrace Warning: 0 : 4420, 4, 2023/03/15, 17:24:04.622, 1700615741262, testhost.dll, TestRunCache: InProgressTests is null
TpTrace Warning: 0 : 4420, 4, 2023/03/15, 17:24:04.622, 1700615741461, testhost.dll, TestRunCache: No test found corresponding to testResult 'ShouldReturnSuccessWhenCPFIsValid (34225545806)' in inProgress list.
TpTrace Verbose: 0 : 4420, 4, 2023/03/15, 17:24:04.622, 1700615742084, testhost.dll, TestExecutionRecorder.RecordStart: Starting test: PaymentContext.Tests.DocumentTests.ShouldReturnSuccessWhenCPFIsValid.
TpTrace Verbose: 0 : 4420, 4, 2023/03/15, 17:24:04.623, 1700615752778, testhost.dll, MulticastDelegateUtilities.SafeInvoke: TestCaseEventsHandler.RaiseTestCaseStart: Invoking callback 1/1 for Microsoft.VisualStudio.TestPlatform.CrossPlatEngine.DataCollection.ProxyOutOfProcDataCollectionManager.TriggerTestCaseStart, took 1 ms.
TpTrace Information: 0 : 4420, 4, 2023/03/15, 17:24:04.624, 1700615753447, testhost.dll, MSTest - Executing test ShouldReturnSuccessWhenCPFIsValid
TpTrace Information: 0 : 4420, 4, 2023/03/15, 17:24:04.624, 1700615758288, testhost.dll, MSTest - Executed test ShouldReturnSuccessWhenCPFIsValid
TpTrace Verbose: 0 : 4420, 4, 2023/03/15, 17:24:04.624, 1700615758916, testhost.dll, TestExecutionRecorder.RecordEnd: test: PaymentContext.Tests.DocumentTests.ShouldReturnSuccessWhenCPFIsValid execution completed.
TpTrace Verbose: 0 : 4420, 4, 2023/03/15, 17:24:04.625, 1700615770340, testhost.dll, MulticastDelegateUtilities.SafeInvoke: TestCaseEventsHandler.RaiseTestCaseEnd: Invoking callback 1/1 for Microsoft.VisualStudio.TestPlatform.CrossPlatEngine.DataCollection.ProxyOutOfProcDataCollectionManager.TriggerTestCaseEnd, took 1 ms.
TpTrace Verbose: 0 : 4420, 4, 2023/03/15, 17:24:04.625, 1700615770952, testhost.dll, TestExecutionRecorder.RecordResult: Received result for test: PaymentContext.Tests.DocumentTests.ShouldReturnSuccessWhenCPFIsValid.
TpTrace Verbose: 0 : 4420, 4, 2023/03/15, 17:24:04.625, 1700615771290, testhost.dll, MulticastDelegateUtilities.SafeInvoke: TestCaseEventsHandler.RaiseTestCaseEnd: Invoking callback 1/1 for Microsoft.VisualStudio.TestPlatform.CrossPlatEngine.DataCollection.ProxyOutOfProcDataCollectionManager.TriggerSendTestResult, took 0 ms.
TpTrace Warning: 0 : 4420, 4, 2023/03/15, 17:24:04.625, 1700615771566, testhost.dll, TestRunCache: InProgressTests is null
TpTrace Warning: 0 : 4420, 4, 2023/03/15, 17:24:04.625, 1700615771775, testhost.dll, TestRunCache: No test found corresponding to testResult 'ShouldReturnSuccessWhenCPFIsValid (54139739347)' in inProgress list.
TpTrace Verbose: 0 : 4420, 4, 2023/03/15, 17:24:04.625, 1700615772339, testhost.dll, TestExecutionRecorder.RecordStart: Starting test: PaymentContext.Tests.DocumentTests.ShouldReturnSuccessWhenCPFIsValid.
TpTrace Verbose: 0 : 4420, 4, 2023/03/15, 17:24:04.626, 1700615782723, testhost.dll, MulticastDelegateUtilities.SafeInvoke: TestCaseEventsHandler.RaiseTestCaseStart: Invoking callback 1/1 for Microsoft.VisualStudio.TestPlatform.CrossPlatEngine.DataCollection.ProxyOutOfProcDataCollectionManager.TriggerTestCaseStart, took 0 ms.
TpTrace Information: 0 : 4420, 4, 2023/03/15, 17:24:04.627, 1700615783351, testhost.dll, MSTest - Executing test ShouldReturnSuccessWhenCPFIsValid
TpTrace Information: 0 : 4420, 4, 2023/03/15, 17:24:04.627, 1700615784828, testhost.dll, MSTest - Executed test ShouldReturnSuccessWhenCPFIsValid
TpTrace Verbose: 0 : 4420, 4, 2023/03/15, 17:24:04.627, 1700615785207, testhost.dll, TestExecutionRecorder.RecordEnd: test: PaymentContext.Tests.DocumentTests.ShouldReturnSuccessWhenCPFIsValid execution completed.
TpTrace Verbose: 0 : 4420, 4, 2023/03/15, 17:24:04.628, 1700615794322, testhost.dll, MulticastDelegateUtilities.SafeInvoke: TestCaseEventsHandler.RaiseTestCaseEnd: Invoking callback 1/1 for Microsoft.VisualStudio.TestPlatform.CrossPlatEngine.DataCollection.ProxyOutOfProcDataCollectionManager.TriggerTestCaseEnd, took 0 ms.
TpTrace Verbose: 0 : 4420, 4, 2023/03/15, 17:24:04.628, 1700615794902, testhost.dll, TestExecutionRecorder.RecordResult: Received result for test: PaymentContext.Tests.DocumentTests.ShouldReturnSuccessWhenCPFIsValid.
TpTrace Verbose: 0 : 4420, 4, 2023/03/15, 17:24:04.628, 1700615795225, testhost.dll, MulticastDelegateUtilities.SafeInvoke: TestCaseEventsHandler.RaiseTestCaseEnd: Invoking callback 1/1 for Microsoft.VisualStudio.TestPlatform.CrossPlatEngine.DataCollection.ProxyOutOfProcDataCollectionManager.TriggerSendTestResult, took 0 ms.
TpTrace Warning: 0 : 4420, 4, 2023/03/15, 17:24:04.628, 1700615795488, testhost.dll, TestRunCache: InProgressTests is null
TpTrace Warning: 0 : 4420, 4, 2023/03/15, 17:24:04.628, 1700615795692, testhost.dll, TestRunCache: No test found corresponding to testResult 'ShouldReturnSuccessWhenCPFIsValid (01077284608)' in inProgress list.
TpTrace Verbose: 0 : 4420, 4, 2023/03/15, 17:24:04.628, 1700615796128, testhost.dll, TestExecutionRecorder.RecordStart: Starting test: PaymentContext.Tests.Mock.FakeEamilService.Send.
TpTrace Information: 0 : 4420, 4, 2023/03/15, 17:24:04.629, 1700615807305, testhost.dll, Sending test run statistics
TpTrace Verbose: 0 : 4420, 4, 2023/03/15, 17:24:04.648, 1700615996680, testhost.dll, TestRequestHandler.SendData: sending data from testhost: {"Version":7,"MessageType":"TestExecution.StatsChange","Payload":{"NewTestResults":[{"TestCase":{"Id":"229acef3-c36b-439d-dd06-183e9fb3f79d","FullyQualifiedName":"PaymentContext.Tests.StudentQueriesTests.ShouldReturnNullWhenDocumentNotExists","DisplayName":"ShouldReturnNullWhenDocumentNotExists","ExecutorUri":"executor://MSTestAdapter/v2","Source":"C:\\balta\\PaymentContext\\PaymentContext.Tests\\bin\\Debug\\net7.0\\fine-code-coverage\\build-output\\PaymentContext.Tests.dll","CodeFilePath":null,"LineNumber":-1,"Properties":[{"Key":{"Id":"TestCase.ManagedType","Label":"ManagedType","Category":"","Description":"","Attributes":1,"ValueType":"System.String"},"Value":"PaymentContext.Tests.StudentQueriesTests"},{"Key":{"Id":"TestCase.ManagedMethod","Label":"ManagedMethod","Category":"","Description":"","Attributes":1,"ValueType":"System.String"},"Value":"ShouldReturnNullWhenDocumentNotExists"},{"Key":{"Id":"MSTestDiscoverer.TestClassName","Label":"ClassName","Category":"","Description":"","Attributes":1,"ValueType":"System.String"},"Value":"PaymentContext.Tests.StudentQueriesTests"},{"Key":{"Id":"TestCase.Hierarchy","Label":"Hierarchy","Category":"","Description":"","Attributes":2,"ValueType":"System.String[]"},"Value":["PaymentContext.Tests","StudentQueriesTests"]},{"Key":{"Id":"TestObject.Traits","Label":"Traits","Category":"","Description":"","Attributes":5,"ValueType":"System.Collections.Generic.KeyValuePair`2[[System.String],[System.String]][]"},"Value":[]}]},"Attachments":[],"Outcome":1,"ErrorMessage":null,"ErrorStackTrace":null,"DisplayName":"ShouldReturnNullWhenDocumentNotExists","Messages":[],"ComputerName":null,"Duration":"00:00:00.0197848","StartTime":"2023-03-15T17:24:04.5467226-03:00","EndTime":"2023-03-15T17:24:04.5788818-03:00","Properties":[{"Key":{"Id":"ExecutionId","Label":"ExecutionId","Category":"","Description":"","Attributes":1,"ValueType":"System.Guid"},"Value":"00000000-0000-0000-0000-000000000000"},{"Key":{"Id":"ParentExecId","Label":"ParentExecId","Category":"","Description":"","Attributes":1,"ValueType":"System.Guid"},"Value":"00000000-0000-0000-0000-000000000000"},{"Key":{"Id":"InnerResultsCount","Label":"InnerResultsCount","Category":"","Description":"","Attributes":1,"ValueType":"System.Int32"},"Value":0}]},{"TestCase":{"Id":"31e9c256-f916-465b-316c-1c2dc1eab653","FullyQualifiedName":"PaymentContext.Tests.StudentQueriesTests.ShouldReturnStudentWhenDocumentExists","DisplayName":"ShouldReturnStudentWhenDocumentExists","ExecutorUri":"executor://MSTestAdapter/v2","Source":"C:\\balta\\PaymentContext\\PaymentContext.Tests\\bin\\Debug\\net7.0\\fine-code-coverage\\build-output\\PaymentContext.Tests.dll","CodeFilePath":null,"LineNumber":-1,"Properties":[{"Key":{"Id":"TestCase.ManagedType","Label":"ManagedType","Category":"","Description":"","Attributes":1,"ValueType":"System.String"},"Value":"PaymentContext.Tests.StudentQueriesTests"},{"Key":{"Id":"TestCase.ManagedMethod","Label":"ManagedMethod","Category":"","Description":"","Attributes":1,"ValueType":"System.String"},"Value":"ShouldReturnStudentWhenDocumentExists"},{"Key":{"Id":"MSTestDiscoverer.TestClassName","Label":"ClassName","Category":"","Description":"","Attributes":1,"ValueType":"System.String"},"Value":"PaymentContext.Tests.StudentQueriesTests"},{"Key":{"Id":"TestCase.Hierarchy","Label":"Hierarchy","Category":"","Description":"","Attributes":2,"ValueType":"System.String[]"},"Value":["PaymentContext.Tests","StudentQueriesTests"]},{"Key":{"Id":"TestObject.Traits","Label":"Traits","Category":"","Description":"","Attributes":5,"ValueType":"System.Collections.Generic.KeyValuePair`2[[System.String],[System.String]][]"},"Value":[]}]},"Attachments":[],"Outcome":1,"ErrorMessage":null,"ErrorStackTrace":null,"DisplayName":"ShouldReturnStudentWhenDocumentExists","Messages":[],"ComputerName":null,"Duration":"00:00:00.0014460","StartTime":"2023-03-15T17:24:04.5962647-03:00","EndTime":"2023-03-15T17:24:04.598194-03:00","Properties":[{"Key":{"Id":"ExecutionId","Label":"ExecutionId","Category":"","Description":"","Attributes":1,"ValueType":"System.Guid"},"Value":"00000000-0000-0000-0000-000000000000"},{"Key":{"Id":"ParentExecId","Label":"ParentExecId","Category":"","Description":"","Attributes":1,"ValueType":"System.Guid"},"Value":"00000000-0000-0000-0000-000000000000"},{"Key":{"Id":"InnerResultsCount","Label":"InnerResultsCount","Category":"","Description":"","Attributes":1,"ValueType":"System.Int32"},"Value":0}]},{"TestCase":{"Id":"93f108da-6062-70f8-f032-014adb5cf6cc","FullyQualifiedName":"PaymentContext.Tests.UnitTest1.TestMethod1","DisplayName":"TestMethod1","ExecutorUri":"executor://MSTestAdapter/v2","Source":"C:\\balta\\PaymentContext\\PaymentContext.Tests\\bin\\Debug\\net7.0\\fine-code-coverage\\build-output\\PaymentContext.Tests.dll","CodeFilePath":null,"LineNumber":-1,"Properties":[{"Key":{"Id":"TestCase.ManagedType","Label":"ManagedType","Category":"","Description":"","Attributes":1,"ValueType":"System.String"},"Value":"PaymentContext.Tests.UnitTest1"},{"Key":{"Id":"TestCase.ManagedMethod","Label":"ManagedMethod","Category":"","Description":"","Attributes":1,"ValueType":"System.String"},"Value":"TestMethod1"},{"Key":{"Id":"MSTestDiscoverer.TestClassName","Label":"ClassName","Category":"","Description":"","Attributes":1,"ValueType":"System.String"},"Value":"PaymentContext.Tests.UnitTest1"},{"Key":{"Id":"TestCase.Hierarchy","Label":"Hierarchy","Category":"","Description":"","Attributes":2,"ValueType":"System.String[]"},"Value":["PaymentContext.Tests","UnitTest1"]},{"Key":{"Id":"TestObject.Traits","Label":"Traits","Category":"","Description":"","Attributes":5,"ValueType":"System.Collections.Generic.KeyValuePair`2[[System.String],[System.String]][]"},"Value":[]}]},"Attachments":[],"Outcome":1,"ErrorMessage":null,"ErrorStackTrace":null,"DisplayName":"TestMethod1","Messages":[],"ComputerName":null,"Duration":"00:00:00.0001306","StartTime":"2023-03-15T17:24:04.6057456-03:00","EndTime":"2023-03-15T17:24:04.6061285-03:00","Properties":[{"Key":{"Id":"ExecutionId","Label":"ExecutionId","Category":"","Description":"","Attributes":1,"ValueType":"System.Guid"},"Value":"00000000-0000-0000-0000-000000000000"},{"Key":{"Id":"ParentExecId","Label":"ParentExecId","Category":"","Description":"","Attributes":1,"ValueType":"System.Guid"},"Value":"00000000-0000-0000-0000-000000000000"},{"Key":{"Id":"InnerResultsCount","Label":"InnerResultsCount","Category":"","Description":"","Attributes":1,"ValueType":"System.Int32"},"Value":0}]},{"TestCase":{"Id":"68aec8f9-c039-fae7-b87f-8d8e63a47e01","FullyQualifiedName":"PaymentContext.Tests.DocumentTests.ShouldReturnErrorWhenCNPJIsInvalid","DisplayName":"ShouldReturnErrorWhenCNPJIsInvalid","ExecutorUri":"executor://MSTestAdapter/v2","Source":"C:\\balta\\PaymentContext\\PaymentContext.Tests\\bin\\Debug\\net7.0\\fine-code-coverage\\build-output\\PaymentContext.Tests.dll","CodeFilePath":null,"LineNumber":-1,"Properties":[{"Key":{"Id":"TestCase.ManagedType","Label":"ManagedType","Category":"","Description":"","Attributes":1,"ValueType":"System.String"},"Value":"PaymentContext.Tests.DocumentTests"},{"Key":{"Id":"TestCase.ManagedMethod","Label":"ManagedMethod","Category":"","Description":"","Attributes":1,"ValueType":"System.String"},"Value":"ShouldReturnErrorWhenCNPJIsInvalid"},{"Key":{"Id":"MSTestDiscoverer.TestClassName","Label":"ClassName","Category":"","Description":"","Attributes":1,"ValueType":"System.String"},"Value":"PaymentContext.Tests.DocumentTests"},{"Key":{"Id":"TestCase.Hierarchy","Label":"Hierarchy","Category":"","Description":"","Attributes":2,"ValueType":"System.String[]"},"Value":["PaymentContext.Tests","DocumentTests"]},{"Key":{"Id":"TestObject.Traits","Label":"Traits","Category":"","Description":"","Attributes":5,"ValueType":"System.Collections.Generic.KeyValuePair`2[[System.String],[System.String]][]"},"Value":[]}]},"Attachments":[],"Outcome":1,"ErrorMessage":null,"ErrorStackTrace":null,"DisplayName":"ShouldReturnErrorWhenCNPJIsInvalid","Messages":[],"ComputerName":null,"Duration":"00:00:00.0003143","StartTime":"2023-03-15T17:24:04.6085019-03:00","EndTime":"2023-03-15T17:24:04.6090281-03:00","Properties":[{"Key":{"Id":"ExecutionId","Label":"ExecutionId","Category":"","Description":"","Attributes":1,"ValueType":"System.Guid"},"Value":"00000000-0000-0000-0000-000000000000"},{"Key":{"Id":"ParentExecId","Label":"ParentExecId","Category":"","Description":"","Attributes":1,"ValueType":"System.Guid"},"Value":"00000000-0000-0000-0000-000000000000"},{"Key":{"Id":"InnerResultsCount","Label":"InnerResultsCount","Category":"","Description":"","Attributes":1,"ValueType":"System.Int32"},"Value":0}]},{"TestCase":{"Id":"324faa54-84d4-235a-a73d-1ca0dc0640b0","FullyQualifiedName":"PaymentContext.Tests.DocumentTests.ShouldReturnSuccessWhenCNPJIsValid","DisplayName":"ShouldReturnSuccessWhenCNPJIsValid","ExecutorUri":"executor://MSTestAdapter/v2","Source":"C:\\balta\\PaymentContext\\PaymentContext.Tests\\bin\\Debug\\net7.0\\fine-code-coverage\\build-output\\PaymentContext.Tests.dll","CodeFilePath":null,"LineNumber":-1,"Properties":[{"Key":{"Id":"TestCase.ManagedType","Label":"ManagedType","Category":"","Description":"","Attributes":1,"ValueType":"System.String"},"Value":"PaymentContext.Tests.DocumentTests"},{"Key":{"Id":"TestCase.ManagedMethod","Label":"ManagedMethod","Category":"","Description":"","Attributes":1,"ValueType":"System.String"},"Value":"ShouldReturnSuccessWhenCNPJIsValid"},{"Key":{"Id":"MSTestDiscoverer.TestClassName","Label":"ClassName","Category":"","Description":"","Attributes":1,"ValueType":"System.String"},"Value":"PaymentContext.Tests.DocumentTests"},{"Key":{"Id":"TestCase.Hierarchy","Label":"Hierarchy","Category":"","Description":"","Attributes":2,"ValueType":"System.String[]"},"Value":["PaymentContext.Tests","DocumentTests"]},{"Key":{"Id":"TestObject.Traits","Label":"Traits","Category":"","Description":"","Attributes":5,"ValueType":"System.Collections.Generic.KeyValuePair`2[[System.String],[System.String]][]"},"Value":[]}]},"Attachments":[],"Outcome":1,"ErrorMessage":null,"ErrorStackTrace":null,"DisplayName":"ShouldReturnSuccessWhenCNPJIsValid","Messages":[],"ComputerName":null,"Duration":"00:00:00.0003249","StartTime":"2023-03-15T17:24:04.6111973-03:00","EndTime":"2023-03-15T17:24:04.6116893-03:00","Properties":[{"Key":{"Id":"ExecutionId","Label":"ExecutionId","Category":"","Description":"","Attributes":1,"ValueType":"System.Guid"},"Value":"00000000-0000-0000-0000-000000000000"},{"Key":{"Id":"ParentExecId","Label":"ParentExecId","Category":"","Description":"","Attributes":1,"ValueType":"System.Guid"},"Value":"00000000-0000-0000-0000-000000000000"},{"Key":{"Id":"InnerResultsCount","Label":"InnerResultsCount","Category":"","Description":"","Attributes":1,"ValueType":"System.Int32"},"Value":0}]},{"TestCase":{"Id":"6b116dbd-add3-c449-2548-5965882c0545","FullyQualifiedName":"PaymentContext.Tests.DocumentTests.ShouldReturnErrorWhenCPFIsInvalid","DisplayName":"ShouldReturnErrorWhenCPFIsInvalid","ExecutorUri":"executor://MSTestAdapter/v2","Source":"C:\\balta\\PaymentContext\\PaymentContext.Tests\\bin\\Debug\\net7.0\\fine-code-coverage\\build-output\\PaymentContext.Tests.dll","CodeFilePath":null,"LineNumber":-1,"Properties":[{"Key":{"Id":"TestCase.ManagedType","Label":"ManagedType","Category":"","Description":"","Attributes":1,"ValueType":"System.String"},"Value":"PaymentContext.Tests.DocumentTests"},{"Key":{"Id":"TestCase.ManagedMethod","Label":"ManagedMethod","Category":"","Description":"","Attributes":1,"ValueType":"System.String"},"Value":"ShouldReturnErrorWhenCPFIsInvalid"},{"Key":{"Id":"MSTestDiscoverer.TestClassName","Label":"ClassName","Category":"","Description":"","Attributes":1,"ValueType":"System.String"},"Value":"PaymentContext.Tests.DocumentTests"},{"Key":{"Id":"TestCase.Hierarchy","Label":"Hierarchy","Category":"","Description":"","Attributes":2,"ValueType":"System.String[]"},"Value":["PaymentContext.Tests","DocumentTests"]},{"Key":{"Id":"TestObject.Traits","Label":"Traits","Category":"","Description":"","Attributes":5,"ValueType":"System.Collections.Generic.KeyValuePair`2[[System.String],[System.String]][]"},"Value":[]}]},"Attachments":[],"Outcome":1,"ErrorMessage":null,"ErrorStackTrace":null,"DisplayName":"ShouldReturnErrorWhenCPFIsInvalid","Messages":[],"ComputerName":null,"Duration":"00:00:00.0001283","StartTime":"2023-03-15T17:24:04.614649-03:00","EndTime":"2023-03-15T17:24:04.6149729-03:00","Properties":[{"Key":{"Id":"ExecutionId","Label":"ExecutionId","Category":"","Description":"","Attributes":1,"ValueType":"System.Guid"},"Value":"00000000-0000-0000-0000-000000000000"},{"Key":{"Id":"ParentExecId","Label":"ParentExecId","Category":"","Description":"","Attributes":1,"ValueType":"System.Guid"},"Value":"00000000-0000-0000-0000-000000000000"},{"Key":{"Id":"InnerResultsCount","Label":"InnerResultsCount","Category":"","Description":"","Attributes":1,"ValueType":"System.Int32"},"Value":0}]},{"TestCase":{"Id":"50f0a9a4-926e-2f77-33d6-3c3f58d2a1bb","FullyQualifiedName":"PaymentContext.Tests.DocumentTests.ShouldReturnSuccessWhenCPFIsValid","DisplayName":"ShouldReturnSuccessWhenCPFIsValid (34225545806)","ExecutorUri":"executor://MSTestAdapter/v2","Source":"C:\\balta\\PaymentContext\\PaymentContext.Tests\\bin\\Debug\\net7.0\\fine-code-coverage\\build-output\\PaymentContext.Tests.dll","CodeFilePath":null,"LineNumber":-1,"Properties":[{"Key":{"Id":"TestCase.ManagedType","Label":"ManagedType","Category":"","Description":"","Attributes":1,"ValueType":"System.String"},"Value":"PaymentContext.Tests.DocumentTests"},{"Key":{"Id":"TestCase.ManagedMethod","Label":"ManagedMethod","Category":"","Description":"","Attributes":1,"ValueType":"System.String"},"Value":"ShouldReturnSuccessWhenCPFIsValid(System.String)"},{"Key":{"Id":"MSTestDiscoverer.TestClassName","Label":"ClassName","Category":"","Description":"","Attributes":1,"ValueType":"System.String"},"Value":"PaymentContext.Tests.DocumentTests"},{"Key":{"Id":"TestCase.Hierarchy","Label":"Hierarchy","Category":"","Description":"","Attributes":2,"ValueType":"System.String[]"},"Value":["PaymentContext.Tests","DocumentTests"]},{"Key":{"Id":"TestObject.Traits","Label":"Traits","Category":"","Description":"","Attributes":5,"ValueType":"System.Collections.Generic.KeyValuePair`2[[System.String],[System.String]][]"},"Value":[]},{"Key":{"Id":"MSTest.DynamicDataType","Label":"DynamicDataType","Category":"","Description":"","Attributes":1,"ValueType":"System.Int32"},"Value":2},{"Key":{"Id":"MSTest.DynamicData","Label":"DynamicData","Category":"","Description":"","Attributes":1,"ValueType":"System.String[]"},"Value":["System.String, System.Private.CoreLib, Version=7.0.0.0, Culture=neutral, PublicKeyToken=7cec85d7bea7798e","\"34225545806\""]}]},"Attachments":[],"Outcome":1,"ErrorMessage":null,"ErrorStackTrace":null,"DisplayName":"ShouldReturnSuccessWhenCPFIsValid (34225545806)","Messages":[],"ComputerName":null,"Duration":"00:00:00.0001190","StartTime":"2023-03-15T17:24:04.6183088-03:00","EndTime":"2023-03-15T17:24:04.6212251-03:00","Properties":[{"Key":{"Id":"ExecutionId","Label":"ExecutionId","Category":"","Description":"","Attributes":1,"ValueType":"System.Guid"},"Value":"00000000-0000-0000-0000-000000000000"},{"Key":{"Id":"ParentExecId","Label":"ParentExecId","Category":"","Description":"","Attributes":1,"ValueType":"System.Guid"},"Value":"00000000-0000-0000-0000-000000000000"},{"Key":{"Id":"InnerResultsCount","Label":"InnerResultsCount","Category":"","Description":"","Attributes":1,"ValueType":"System.Int32"},"Value":0}]},{"TestCase":{"Id":"21141502-4d59-7544-f1a7-e3a1c13ada9f","FullyQualifiedName":"PaymentContext.Tests.DocumentTests.ShouldReturnSuccessWhenCPFIsValid","DisplayName":"ShouldReturnSuccessWhenCPFIsValid (54139739347)","ExecutorUri":"executor://MSTestAdapter/v2","Source":"C:\\balta\\PaymentContext\\PaymentContext.Tests\\bin\\Debug\\net7.0\\fine-code-coverage\\build-output\\PaymentContext.Tests.dll","CodeFilePath":null,"LineNumber":-1,"Properties":[{"Key":{"Id":"TestCase.ManagedType","Label":"ManagedType","Category":"","Description":"","Attributes":1,"ValueType":"System.String"},"Value":"PaymentContext.Tests.DocumentTests"},{"Key":{"Id":"TestCase.ManagedMethod","Label":"ManagedMethod","Category":"","Description":"","Attributes":1,"ValueType":"System.String"},"Value":"ShouldReturnSuccessWhenCPFIsValid(System.String)"},{"Key":{"Id":"MSTestDiscoverer.TestClassName","Label":"ClassName","Category":"","Description":"","Attributes":1,"ValueType":"System.String"},"Value":"PaymentContext.Tests.DocumentTests"},{"Key":{"Id":"TestCase.Hierarchy","Label":"Hierarchy","Category":"","Description":"","Attributes":2,"ValueType":"System.String[]"},"Value":["PaymentContext.Tests","DocumentTests"]},{"Key":{"Id":"TestObject.Traits","Label":"Traits","Category":"","Description":"","Attributes":5,"ValueType":"System.Collections.Generic.KeyValuePair`2[[System.String],[System.String]][]"},"Value":[]},{"Key":{"Id":"MSTest.DynamicDataType","Label":"DynamicDataType","Category":"","Description":"","Attributes":1,"ValueType":"System.Int32"},"Value":2},{"Key":{"Id":"MSTest.DynamicData","Label":"DynamicData","Category":"","Description":"","Attributes":1,"ValueType":"System.String[]"},"Value":["System.String, System.Private.CoreLib, Version=7.0.0.0, Culture=neutral, PublicKeyToken=7cec85d7bea7798e","\"54139739347\""]}]},"Attachments":[],"Outcome":1,"ErrorMessage":null,"ErrorStackTrace":null,"DisplayName":"ShouldReturnSuccessWhenCPFIsValid (54139739347)","Messages":[],"ComputerName":null,"Duration":"00:00:00.0002747","StartTime":"2023-03-15T17:24:04.6240378-03:00","EndTime":"2023-03-15T17:24:04.6245799-03:00","Properties":[{"Key":{"Id":"ExecutionId","Label":"ExecutionId","Category":"","Description":"","Attributes":1,"ValueType":"System.Guid"},"Value":"00000000-0000-0000-0000-000000000000"},{"Key":{"Id":"ParentExecId","Label":"ParentExecId","Category":"","Description":"","Attributes":1,"ValueType":"System.Guid"},"Value":"00000000-0000-0000-0000-000000000000"},{"Key":{"Id":"InnerResultsCount","Label":"InnerResultsCount","Category":"","Description":"","Attributes":1,"ValueType":"System.Int32"},"Value":0}]},{"TestCase":{"Id":"1e6fdfad-e567-97d2-66c0-05edbe870e01","FullyQualifiedName":"PaymentContext.Tests.DocumentTests.ShouldReturnSuccessWhenCPFIsValid","DisplayName":"ShouldReturnSuccessWhenCPFIsValid (01077284608)","ExecutorUri":"executor://MSTestAdapter/v2","Source":"C:\\balta\\PaymentContext\\PaymentContext.Tests\\bin\\Debug\\net7.0\\fine-code-coverage\\build-output\\PaymentContext.Tests.dll","CodeFilePath":null,"LineNumber":-1,"Properties":[{"Key":{"Id":"TestCase.ManagedType","Label":"ManagedType","Category":"","Description":"","Attributes":1,"ValueType":"System.String"},"Value":"PaymentContext.Tests.DocumentTests"},{"Key":{"Id":"TestCase.ManagedMethod","Label":"ManagedMethod","Category":"","Description":"","Attributes":1,"ValueType":"System.String"},"Value":"ShouldReturnSuccessWhenCPFIsValid(System.String)"},{"Key":{"Id":"MSTestDiscoverer.TestClassName","Label":"ClassName","Category":"","Description":"","Attributes":1,"ValueType":"System.String"},"Value":"PaymentContext.Tests.DocumentTests"},{"Key":{"Id":"TestCase.Hierarchy","Label":"Hierarchy","Category":"","Description":"","Attributes":2,"ValueType":"System.String[]"},"Value":["PaymentContext.Tests","DocumentTests"]},{"Key":{"Id":"TestObject.Traits","Label":"Traits","Category":"","Description":"","Attributes":5,"ValueType":"System.Collections.Generic.KeyValuePair`2[[System.String],[System.String]][]"},"Value":[]},{"Key":{"Id":"MSTest.DynamicDataType","Label":"DynamicDataType","Category":"","Description":"","Attributes":1,"ValueType":"System.Int32"},"Value":2},{"Key":{"Id":"MSTest.DynamicData","Label":"DynamicData","Category":"","Description":"","Attributes":1,"ValueType":"System.String[]"},"Value":["System.String, System.Private.CoreLib, Version=7.0.0.0, Culture=neutral, PublicKeyToken=7cec85d7bea7798e","\"01077284608\""]}]},"Attachments":[],"Outcome":1,"ErrorMessage":null,"ErrorStackTrace":null,"DisplayName":"ShouldReturnSuccessWhenCPFIsValid (01077284608)","Messages":[],"ComputerName":null,"Duration":"00:00:00.0000149","StartTime":"2023-03-15T17:24:04.6270293-03:00","EndTime":"2023-03-15T17:24:04.6272126-03:00","Properties":[{"Key":{"Id":"ExecutionId","Label":"ExecutionId","Category":"","Description":"","Attributes":1,"ValueType":"System.Guid"},"Value":"00000000-0000-0000-0000-000000000000"},{"Key":{"Id":"ParentExecId","Label":"ParentExecId","Category":"","Description":"","Attributes":1,"ValueType":"System.Guid"},"Value":"00000000-0000-0000-0000-000000000000"},{"Key":{"Id":"InnerResultsCount","Label":"InnerResultsCount","Category":"","Description":"","Attributes":1,"ValueType":"System.Int32"},"Value":0}]}],"TestRunStatistics":{"ExecutedTests":9,"Stats":{"Passed":9}},"ActiveTests":[{"Id":"4191ff96-2c43-582c-a4b5-430839edd83b","FullyQualifiedName":"PaymentContext.Tests.Mock.FakeEamilService.Send","DisplayName":"Send","ExecutorUri":"executor://MSTestAdapter/v2","Source":"C:\\balta\\PaymentContext\\PaymentContext.Tests\\bin\\Debug\\net7.0\\fine-code-coverage\\build-output\\PaymentContext.Tests.dll","CodeFilePath":null,"LineNumber":-1,"Properties":[{"Key":{"Id":"TestCase.ManagedType","Label":"ManagedType","Category":"","Description":"","Attributes":1,"ValueType":"System.String"},"Value":"PaymentContext.Tests.Mock.FakeEamilService"},{"Key":{"Id":"TestCase.ManagedMethod","Label":"ManagedMethod","Category":"","Description":"","Attributes":1,"ValueType":"System.String"},"Value":"Send(System.String,System.String,System.String,System.String)"},{"Key":{"Id":"MSTestDiscoverer.TestClassName","Label":"ClassName","Category":"","Description":"","Attributes":1,"ValueType":"System.String"},"Value":"PaymentContext.Tests.Mock.FakeEamilService"},{"Key":{"Id":"TestCase.Hierarchy","Label":"Hierarchy","Category":"","Description":"","Attributes":2,"ValueType":"System.String[]"},"Value":["PaymentContext.Tests.Mock","FakeEamilService"]},{"Key":{"Id":"TestObject.Traits","Label":"Traits","Category":"","Description":"","Attributes":5,"ValueType":"System.Collections.Generic.KeyValuePair`2[[System.String],[System.String]][]"},"Value":[]}]}]}}
TpTrace Verbose: 0 : 4420, 4, 2023/03/15, 17:24:04.648, 1700616002561, testhost.dll, TestRunCache: OnNewTestResult: Notified the onCacheHit callback.
TpTrace Verbose: 0 : 4420, 4, 2023/03/15, 17:24:04.650, 1700616019992, testhost.dll, MulticastDelegateUtilities.SafeInvoke: TestCaseEventsHandler.RaiseTestCaseStart: Invoking callback 1/1 for Microsoft.VisualStudio.TestPlatform.CrossPlatEngine.DataCollection.ProxyOutOfProcDataCollectionManager.TriggerTestCaseStart, took 1 ms.
TpTrace Information: 0 : 4420, 4, 2023/03/15, 17:24:04.650, 1700616020866, testhost.dll, MSTest - Executing test Send
TpTrace Information: 0 : 4420, 4, 2023/03/15, 17:24:04.659, 1700616108321, testhost.dll, MSTest - Executed test Send
TpTrace Verbose: 0 : 4420, 4, 2023/03/15, 17:24:04.659, 1700616109666, testhost.dll, TestExecutionRecorder.RecordEnd: test: PaymentContext.Tests.Mock.FakeEamilService.Send execution completed.
TpTrace Warning: 0 : 4420, 4, 2023/03/15, 17:24:04.659, 1700616109986, testhost.dll, TestRunCache: InProgressTests is null
TpTrace Verbose: 0 : 4420, 4, 2023/03/15, 17:24:04.661, 1700616123172, testhost.dll, MulticastDelegateUtilities.SafeInvoke: TestCaseEventsHandler.RaiseTestCaseEnd: Invoking callback 1/1 for Microsoft.VisualStudio.TestPlatform.CrossPlatEngine.DataCollection.ProxyOutOfProcDataCollectionManager.TriggerTestCaseEnd, took 1 ms.
TpTrace Information: 0 : 4420, 4, 2023/03/15, 17:24:04.661, 1700616124641, testhost.dll, MSTest - MSTestExecutor:Test PaymentContext.Tests.Mock.FakeEamilService.Send failed. ErrorMessage:Test method PaymentContext.Tests.Mock.FakeEamilService.Send threw exception: 
Microsoft.VisualStudio.TestPlatform.MSTest.TestAdapter.ObjectModel.TestFailedException: Only data driven test methods can have parameters. Did you intend to use [DataRow] or [DynamicData]?, ErrorStackTrace:   at Microsoft.VisualStudio.TestPlatform.MSTestAdapter.PlatformServices.ThreadOperations.ExecuteWithAbortSafety(Action action)
.
TpTrace Verbose: 0 : 4420, 4, 2023/03/15, 17:24:04.661, 1700616125283, testhost.dll, TestExecutionRecorder.RecordResult: Received result for test: PaymentContext.Tests.Mock.FakeEamilService.Send.
TpTrace Verbose: 0 : 4420, 4, 2023/03/15, 17:24:04.661, 1700616125765, testhost.dll, MulticastDelegateUtilities.SafeInvoke: TestCaseEventsHandler.RaiseTestCaseEnd: Invoking callback 1/1 for Microsoft.VisualStudio.TestPlatform.CrossPlatEngine.DataCollection.ProxyOutOfProcDataCollectionManager.TriggerSendTestResult, took 0 ms.
TpTrace Warning: 0 : 4420, 4, 2023/03/15, 17:24:04.661, 1700616126059, testhost.dll, TestRunCache: InProgressTests is null
TpTrace Warning: 0 : 4420, 4, 2023/03/15, 17:24:04.661, 1700616126258, testhost.dll, TestRunCache: No test found corresponding to testResult 'Send' in inProgress list.
TpTrace Verbose: 0 : 4420, 4, 2023/03/15, 17:24:04.661, 1700616126832, testhost.dll, TestExecutionRecorder.RecordStart: Starting test: PaymentContext.Tests.Mock.FakeStudentRepository.CreateSubscription.
TpTrace Verbose: 0 : 4420, 4, 2023/03/15, 17:24:04.662, 1700616138163, testhost.dll, MulticastDelegateUtilities.SafeInvoke: TestCaseEventsHandler.RaiseTestCaseStart: Invoking callback 1/1 for Microsoft.VisualStudio.TestPlatform.CrossPlatEngine.DataCollection.ProxyOutOfProcDataCollectionManager.TriggerTestCaseStart, took 1 ms.
TpTrace Information: 0 : 4420, 4, 2023/03/15, 17:24:04.662, 1700616139684, testhost.dll, MSTest - Executing test CreateSubscription
TpTrace Information: 0 : 4420, 4, 2023/03/15, 17:24:04.663, 1700616146077, testhost.dll, MSTest - Executed test CreateSubscription
TpTrace Verbose: 0 : 4420, 4, 2023/03/15, 17:24:04.663, 1700616147083, testhost.dll, TestExecutionRecorder.RecordEnd: test: PaymentContext.Tests.Mock.FakeStudentRepository.CreateSubscription execution completed.
TpTrace Verbose: 0 : 4420, 4, 2023/03/15, 17:24:04.664, 1700616160549, testhost.dll, MulticastDelegateUtilities.SafeInvoke: TestCaseEventsHandler.RaiseTestCaseEnd: Invoking callback 1/1 for Microsoft.VisualStudio.TestPlatform.CrossPlatEngine.DataCollection.ProxyOutOfProcDataCollectionManager.TriggerTestCaseEnd, took 1 ms.
TpTrace Information: 0 : 4420, 4, 2023/03/15, 17:24:04.664, 1700616161373, testhost.dll, MSTest - MSTestExecutor:Test PaymentContext.Tests.Mock.FakeStudentRepository.CreateSubscription failed. ErrorMessage:Test method PaymentContext.Tests.Mock.FakeStudentRepository.CreateSubscription threw exception: 
Microsoft.VisualStudio.TestPlatform.MSTest.TestAdapter.ObjectModel.TestFailedException: Only data driven test methods can have parameters. Did you intend to use [DataRow] or [DynamicData]?, ErrorStackTrace:   at Microsoft.VisualStudio.TestPlatform.MSTestAdapter.PlatformServices.ThreadOperations.ExecuteWithAbortSafety(Action action)
.
TpTrace Verbose: 0 : 4420, 4, 2023/03/15, 17:24:04.664, 1700616161673, testhost.dll, TestExecutionRecorder.RecordResult: Received result for test: PaymentContext.Tests.Mock.FakeStudentRepository.CreateSubscription.
TpTrace Verbose: 0 : 4420, 4, 2023/03/15, 17:24:04.664, 1700616162076, testhost.dll, MulticastDelegateUtilities.SafeInvoke: TestCaseEventsHandler.RaiseTestCaseEnd: Invoking callback 1/1 for Microsoft.VisualStudio.TestPlatform.CrossPlatEngine.DataCollection.ProxyOutOfProcDataCollectionManager.TriggerSendTestResult, took 0 ms.
TpTrace Warning: 0 : 4420, 4, 2023/03/15, 17:24:04.664, 1700616162356, testhost.dll, TestRunCache: InProgressTests is null
TpTrace Warning: 0 : 4420, 4, 2023/03/15, 17:24:04.664, 1700616162554, testhost.dll, TestRunCache: No test found corresponding to testResult 'CreateSubscription' in inProgress list.
TpTrace Verbose: 0 : 4420, 4, 2023/03/15, 17:24:04.665, 1700616163179, testhost.dll, TestExecutionRecorder.RecordStart: Starting test: PaymentContext.Tests.Handlers.SubscriptionHandlerTests.ShouldReturnErrorWhenDocumentExists.
TpTrace Verbose: 0 : 4420, 4, 2023/03/15, 17:24:04.666, 1700616174430, testhost.dll, MulticastDelegateUtilities.SafeInvoke: TestCaseEventsHandler.RaiseTestCaseStart: Invoking callback 1/1 for Microsoft.VisualStudio.TestPlatform.CrossPlatEngine.DataCollection.ProxyOutOfProcDataCollectionManager.TriggerTestCaseStart, took 1 ms.
TpTrace Information: 0 : 4420, 4, 2023/03/15, 17:24:04.666, 1700616175223, testhost.dll, MSTest - Executing test ShouldReturnErrorWhenDocumentExists
TpTrace Information: 0 : 4420, 4, 2023/03/15, 17:24:04.668, 1700616199636, testhost.dll, MSTest - Executed test ShouldReturnErrorWhenDocumentExists
TpTrace Verbose: 0 : 4420, 4, 2023/03/15, 17:24:04.668, 1700616200512, testhost.dll, TestExecutionRecorder.RecordEnd: test: PaymentContext.Tests.Handlers.SubscriptionHandlerTests.ShouldReturnErrorWhenDocumentExists execution completed.
TpTrace Verbose: 0 : 4420, 4, 2023/03/15, 17:24:04.670, 1700616213158, testhost.dll, MulticastDelegateUtilities.SafeInvoke: TestCaseEventsHandler.RaiseTestCaseEnd: Invoking callback 1/1 for Microsoft.VisualStudio.TestPlatform.CrossPlatEngine.DataCollection.ProxyOutOfProcDataCollectionManager.TriggerTestCaseEnd, took 1 ms.
TpTrace Verbose: 0 : 4420, 4, 2023/03/15, 17:24:04.670, 1700616213865, testhost.dll, TestExecutionRecorder.RecordResult: Received result for test: PaymentContext.Tests.Handlers.SubscriptionHandlerTests.ShouldReturnErrorWhenDocumentExists.
TpTrace Verbose: 0 : 4420, 4, 2023/03/15, 17:24:04.670, 1700616214248, testhost.dll, MulticastDelegateUtilities.SafeInvoke: TestCaseEventsHandler.RaiseTestCaseEnd: Invoking callback 1/1 for Microsoft.VisualStudio.TestPlatform.CrossPlatEngine.DataCollection.ProxyOutOfProcDataCollectionManager.TriggerSendTestResult, took 0 ms.
TpTrace Warning: 0 : 4420, 4, 2023/03/15, 17:24:04.670, 1700616214529, testhost.dll, TestRunCache: InProgressTests is null
TpTrace Warning: 0 : 4420, 4, 2023/03/15, 17:24:04.670, 1700616214757, testhost.dll, TestRunCache: No test found corresponding to testResult 'ShouldReturnErrorWhenDocumentExists' in inProgress list.
TpTrace Verbose: 0 : 4420, 4, 2023/03/15, 17:24:04.670, 1700616215364, testhost.dll, TestExecutionRecorder.RecordStart: Starting test: PaymentContext.Tests.Entites.StudentTests.ShouldReturnErrorWhenHadActiveSubscription.
TpTrace Verbose: 0 : 4420, 4, 2023/03/15, 17:24:04.671, 1700616225764, testhost.dll, MulticastDelegateUtilities.SafeInvoke: TestCaseEventsHandler.RaiseTestCaseStart: Invoking callback 1/1 for Microsoft.VisualStudio.TestPlatform.CrossPlatEngine.DataCollection.ProxyOutOfProcDataCollectionManager.TriggerTestCaseStart, took 1 ms.
TpTrace Information: 0 : 4420, 4, 2023/03/15, 17:24:04.671, 1700616226619, testhost.dll, MSTest - Executing test ShouldReturnErrorWhenHadActiveSubscription
TpTrace Information: 0 : 4420, 4, 2023/03/15, 17:24:04.674, 1700616257321, testhost.dll, MSTest - Executed test ShouldReturnErrorWhenHadActiveSubscription
TpTrace Verbose: 0 : 4420, 4, 2023/03/15, 17:24:04.674, 1700616258494, testhost.dll, TestExecutionRecorder.RecordEnd: test: PaymentContext.Tests.Entites.StudentTests.ShouldReturnErrorWhenHadActiveSubscription execution completed.
TpTrace Verbose: 0 : 4420, 4, 2023/03/15, 17:24:04.675, 1700616272206, testhost.dll, MulticastDelegateUtilities.SafeInvoke: TestCaseEventsHandler.RaiseTestCaseEnd: Invoking callback 1/1 for Microsoft.VisualStudio.TestPlatform.CrossPlatEngine.DataCollection.ProxyOutOfProcDataCollectionManager.TriggerTestCaseEnd, took 1 ms.
TpTrace Verbose: 0 : 4420, 4, 2023/03/15, 17:24:04.676, 1700616273255, testhost.dll, TestExecutionRecorder.RecordResult: Received result for test: PaymentContext.Tests.Entites.StudentTests.ShouldReturnErrorWhenHadActiveSubscription.
TpTrace Verbose: 0 : 4420, 4, 2023/03/15, 17:24:04.676, 1700616273744, testhost.dll, MulticastDelegateUtilities.SafeInvoke: TestCaseEventsHandler.RaiseTestCaseEnd: Invoking callback 1/1 for Microsoft.VisualStudio.TestPlatform.CrossPlatEngine.DataCollection.ProxyOutOfProcDataCollectionManager.TriggerSendTestResult, took 0 ms.
TpTrace Warning: 0 : 4420, 4, 2023/03/15, 17:24:04.676, 1700616274072, testhost.dll, TestRunCache: InProgressTests is null
TpTrace Warning: 0 : 4420, 4, 2023/03/15, 17:24:04.676, 1700616274316, testhost.dll, TestRunCache: No test found corresponding to testResult 'ShouldReturnErrorWhenHadActiveSubscription' in inProgress list.
TpTrace Verbose: 0 : 4420, 4, 2023/03/15, 17:24:04.676, 1700616274982, testhost.dll, TestExecutionRecorder.RecordStart: Starting test: PaymentContext.Tests.Entites.StudentTests.ShouldReturnErrorWhenSubscriptionHasNoPayment.
TpTrace Verbose: 0 : 4420, 4, 2023/03/15, 17:24:04.677, 1700616286857, testhost.dll, MulticastDelegateUtilities.SafeInvoke: TestCaseEventsHandler.RaiseTestCaseStart: Invoking callback 1/1 for Microsoft.VisualStudio.TestPlatform.CrossPlatEngine.DataCollection.ProxyOutOfProcDataCollectionManager.TriggerTestCaseStart, took 1 ms.
TpTrace Information: 0 : 4420, 4, 2023/03/15, 17:24:04.677, 1700616287797, testhost.dll, MSTest - Executing test ShouldReturnErrorWhenSubscriptionHasNoPayment
TpTrace Information: 0 : 4420, 4, 2023/03/15, 17:24:04.677, 1700616292819, testhost.dll, MSTest - Executed test ShouldReturnErrorWhenSubscriptionHasNoPayment
TpTrace Verbose: 0 : 4420, 4, 2023/03/15, 17:24:04.678, 1700616293482, testhost.dll, TestExecutionRecorder.RecordEnd: test: PaymentContext.Tests.Entites.StudentTests.ShouldReturnErrorWhenSubscriptionHasNoPayment execution completed.
TpTrace Verbose: 0 : 4420, 4, 2023/03/15, 17:24:04.679, 1700616307070, testhost.dll, MulticastDelegateUtilities.SafeInvoke: TestCaseEventsHandler.RaiseTestCaseEnd: Invoking callback 1/1 for Microsoft.VisualStudio.TestPlatform.CrossPlatEngine.DataCollection.ProxyOutOfProcDataCollectionManager.TriggerTestCaseEnd, took 1 ms.
TpTrace Verbose: 0 : 4420, 4, 2023/03/15, 17:24:04.679, 1700616307815, testhost.dll, TestExecutionRecorder.RecordResult: Received result for test: PaymentContext.Tests.Entites.StudentTests.ShouldReturnErrorWhenSubscriptionHasNoPayment.
TpTrace Verbose: 0 : 4420, 4, 2023/03/15, 17:24:04.679, 1700616308198, testhost.dll, MulticastDelegateUtilities.SafeInvoke: TestCaseEventsHandler.RaiseTestCaseEnd: Invoking callback 1/1 for Microsoft.VisualStudio.TestPlatform.CrossPlatEngine.DataCollection.ProxyOutOfProcDataCollectionManager.TriggerSendTestResult, took 0 ms.
TpTrace Warning: 0 : 4420, 4, 2023/03/15, 17:24:04.679, 1700616308517, testhost.dll, TestRunCache: InProgressTests is null
TpTrace Warning: 0 : 4420, 4, 2023/03/15, 17:24:04.679, 1700616308800, testhost.dll, TestRunCache: No test found corresponding to testResult 'ShouldReturnErrorWhenSubscriptionHasNoPayment' in inProgress list.
TpTrace Verbose: 0 : 4420, 4, 2023/03/15, 17:24:04.679, 1700616309449, testhost.dll, TestExecutionRecorder.RecordStart: Starting test: PaymentContext.Tests.Entites.StudentTests.ShouldReturnSuccessWhenAddSubscription.
TpTrace Verbose: 0 : 4420, 4, 2023/03/15, 17:24:04.684, 1700616359936, testhost.dll, MulticastDelegateUtilities.SafeInvoke: TestCaseEventsHandler.RaiseTestCaseStart: Invoking callback 1/1 for Microsoft.VisualStudio.TestPlatform.CrossPlatEngine.DataCollection.ProxyOutOfProcDataCollectionManager.TriggerTestCaseStart, took 5 ms.
TpTrace Information: 0 : 4420, 4, 2023/03/15, 17:24:04.684, 1700616361034, testhost.dll, MSTest - Executing test ShouldReturnSuccessWhenAddSubscription
TpTrace Information: 0 : 4420, 4, 2023/03/15, 17:24:04.685, 1700616364956, testhost.dll, MSTest - Executed test ShouldReturnSuccessWhenAddSubscription
TpTrace Verbose: 0 : 4420, 4, 2023/03/15, 17:24:04.685, 1700616365606, testhost.dll, TestExecutionRecorder.RecordEnd: test: PaymentContext.Tests.Entites.StudentTests.ShouldReturnSuccessWhenAddSubscription execution completed.
TpTrace Verbose: 0 : 4420, 4, 2023/03/15, 17:24:04.686, 1700616380571, testhost.dll, MulticastDelegateUtilities.SafeInvoke: TestCaseEventsHandler.RaiseTestCaseEnd: Invoking callback 1/1 for Microsoft.VisualStudio.TestPlatform.CrossPlatEngine.DataCollection.ProxyOutOfProcDataCollectionManager.TriggerTestCaseEnd, took 1 ms.
TpTrace Verbose: 0 : 4420, 4, 2023/03/15, 17:24:04.686, 1700616382246, testhost.dll, TestExecutionRecorder.RecordResult: Received result for test: PaymentContext.Tests.Entites.StudentTests.ShouldReturnSuccessWhenAddSubscription.
TpTrace Verbose: 0 : 4420, 4, 2023/03/15, 17:24:04.686, 1700616382984, testhost.dll, MulticastDelegateUtilities.SafeInvoke: TestCaseEventsHandler.RaiseTestCaseEnd: Invoking callback 1/1 for Microsoft.VisualStudio.TestPlatform.CrossPlatEngine.DataCollection.ProxyOutOfProcDataCollectionManager.TriggerSendTestResult, took 0 ms.
TpTrace Warning: 0 : 4420, 4, 2023/03/15, 17:24:04.687, 1700616383267, testhost.dll, TestRunCache: InProgressTests is null
TpTrace Warning: 0 : 4420, 4, 2023/03/15, 17:24:04.687, 1700616383474, testhost.dll, TestRunCache: No test found corresponding to testResult 'ShouldReturnSuccessWhenAddSubscription' in inProgress list.
TpTrace Verbose: 0 : 4420, 4, 2023/03/15, 17:24:04.687, 1700616384109, testhost.dll, TestExecutionRecorder.RecordStart: Starting test: PaymentContext.Tests.Commands.CreateBoletoSubscriptionCommandTests.ShouldReturnErrorWhenNameIsInvalid.
TpTrace Verbose: 0 : 4420, 4, 2023/03/15, 17:24:04.688, 1700616394531, testhost.dll, MulticastDelegateUtilities.SafeInvoke: TestCaseEventsHandler.RaiseTestCaseStart: Invoking callback 1/1 for Microsoft.VisualStudio.TestPlatform.CrossPlatEngine.DataCollection.ProxyOutOfProcDataCollectionManager.TriggerTestCaseStart, took 1 ms.
TpTrace Information: 0 : 4420, 4, 2023/03/15, 17:24:04.688, 1700616395251, testhost.dll, MSTest - Executing test ShouldReturnErrorWhenNameIsInvalid
TpTrace Information: 0 : 4420, 4, 2023/03/15, 17:24:04.688, 1700616398773, testhost.dll, MSTest - Executed test ShouldReturnErrorWhenNameIsInvalid
TpTrace Verbose: 0 : 4420, 4, 2023/03/15, 17:24:04.688, 1700616401380, testhost.dll, TestExecutionRecorder.RecordEnd: test: PaymentContext.Tests.Commands.CreateBoletoSubscriptionCommandTests.ShouldReturnErrorWhenNameIsInvalid execution completed.
TpTrace Verbose: 0 : 4420, 4, 2023/03/15, 17:24:04.689, 1700616412409, testhost.dll, MulticastDelegateUtilities.SafeInvoke: TestCaseEventsHandler.RaiseTestCaseEnd: Invoking callback 1/1 for Microsoft.VisualStudio.TestPlatform.CrossPlatEngine.DataCollection.ProxyOutOfProcDataCollectionManager.TriggerTestCaseEnd, took 1 ms.
TpTrace Verbose: 0 : 4420, 4, 2023/03/15, 17:24:04.690, 1700616413037, testhost.dll, TestExecutionRecorder.RecordResult: Received result for test: PaymentContext.Tests.Commands.CreateBoletoSubscriptionCommandTests.ShouldReturnErrorWhenNameIsInvalid.
TpTrace Verbose: 0 : 4420, 4, 2023/03/15, 17:24:04.690, 1700616413414, testhost.dll, MulticastDelegateUtilities.SafeInvoke: TestCaseEventsHandler.RaiseTestCaseEnd: Invoking callback 1/1 for Microsoft.VisualStudio.TestPlatform.CrossPlatEngine.DataCollection.ProxyOutOfProcDataCollectionManager.TriggerSendTestResult, took 0 ms.
TpTrace Warning: 0 : 4420, 4, 2023/03/15, 17:24:04.690, 1700616413705, testhost.dll, TestRunCache: InProgressTests is null
TpTrace Warning: 0 : 4420, 4, 2023/03/15, 17:24:04.690, 1700616413910, testhost.dll, TestRunCache: No test found corresponding to testResult 'ShouldReturnErrorWhenNameIsInvalid' in inProgress list.
TpTrace Information: 0 : 4420, 4, 2023/03/15, 17:24:04.690, 1700616416020, testhost.dll, MSTest - Executing cleanup methods.
TpTrace Information: 0 : 4420, 4, 2023/03/15, 17:24:04.691, 1700616429650, testhost.dll, MSTest - Executed cleanup methods.
TpTrace Information: 0 : 4420, 4, 2023/03/15, 17:24:04.691, 1700616430171, testhost.dll, MSTest - Executed tests belonging to source C:\balta\PaymentContext\PaymentContext.Tests\bin\Debug\net7.0\fine-code-coverage\build-output\PaymentContext.Tests.dll
TpTrace Verbose: 0 : 4420, 4, 2023/03/15, 17:24:04.692, 1700616433836, testhost.dll, BaseRunTests.RunTestInternalWithExecutors: Completed running tests for executor://MSTestAdapter/v2
TpTrace Verbose: 0 : 4420, 4, 2023/03/15, 17:24:04.692, 1700616442825, testhost.dll, MulticastDelegateUtilities.SafeInvoke: TestCaseEventsHandler.RaiseSessionEnd: Invoking callback 1/1 for Microsoft.VisualStudio.TestPlatform.CrossPlatEngine.DataCollection.ProxyOutOfProcDataCollectionManager.TriggerTestSessionEnd, took 0 ms.
TpTrace Information: 0 : 4420, 4, 2023/03/15, 17:24:04.695, 1700616470907, testhost.dll, Sending test run complete
TpTrace Verbose: 0 : 4420, 4, 2023/03/15, 17:24:04.704, 1700616553105, testhost.dll, TestRequestHandler.SendData: sending data from testhost: {"Version":7,"MessageType":"TestExecution.Completed","Payload":{"TestRunCompleteArgs":{"TestRunStatistics":{"ExecutedTests":16,"Stats":{"Passed":14,"Failed":2}},"IsCanceled":false,"IsAborted":false,"Error":null,"AttachmentSets":[],"InvokedDataCollectors":[],"ElapsedTimeInRunningTests":"00:00:00.2839431","Metrics":{},"DiscoveredExtensions":{"TestDiscoverers":["Microsoft.VisualStudio.TestPlatform.MSTest.TestAdapter.MSTestDiscoverer, Microsoft.VisualStudio.TestPlatform.MSTest.TestAdapter, Version=14.0.0.0, Culture=neutral, PublicKeyToken=b03f5f7f11d50a3a"],"TestExecutors":["executor://MSTestAdapter/v2"],"TestExecutors2":[],"TestSettingsProviders":[]}},"LastRunTests":{"NewTestResults":[{"TestCase":{"Id":"4191ff96-2c43-582c-a4b5-430839edd83b","FullyQualifiedName":"PaymentContext.Tests.Mock.FakeEamilService.Send","DisplayName":"Send","ExecutorUri":"executor://MSTestAdapter/v2","Source":"C:\\balta\\PaymentContext\\PaymentContext.Tests\\bin\\Debug\\net7.0\\fine-code-coverage\\build-output\\PaymentContext.Tests.dll","CodeFilePath":null,"LineNumber":-1,"Properties":[{"Key":{"Id":"TestCase.ManagedType","Label":"ManagedType","Category":"","Description":"","Attributes":1,"ValueType":"System.String"},"Value":"PaymentContext.Tests.Mock.FakeEamilService"},{"Key":{"Id":"TestCase.ManagedMethod","Label":"ManagedMethod","Category":"","Description":"","Attributes":1,"ValueType":"System.String"},"Value":"Send(System.String,System.String,System.String,System.String)"},{"Key":{"Id":"MSTestDiscoverer.TestClassName","Label":"ClassName","Category":"","Description":"","Attributes":1,"ValueType":"System.String"},"Value":"PaymentContext.Tests.Mock.FakeEamilService"},{"Key":{"Id":"TestCase.Hierarchy","Label":"Hierarchy","Category":"","Description":"","Attributes":2,"ValueType":"System.String[]"},"Value":["PaymentContext.Tests.Mock","FakeEamilService"]},{"Key":{"Id":"TestObject.Traits","Label":"Traits","Category":"","Description":"","Attributes":5,"ValueType":"System.Collections.Generic.KeyValuePair`2[[System.String],[System.String]][]"},"Value":[]}]},"Attachments":[],"Outcome":2,"ErrorMessage":"Test method PaymentContext.Tests.Mock.FakeEamilService.Send threw exception: \r\nMicrosoft.VisualStudio.TestPlatform.MSTest.TestAdapter.ObjectModel.TestFailedException: Only data driven test methods can have parameters. Did you intend to use [DataRow] or [DynamicData]?","ErrorStackTrace":"   at Microsoft.VisualStudio.TestPlatform.MSTestAdapter.PlatformServices.ThreadOperations.ExecuteWithAbortSafety(Action action)\r\n","DisplayName":"Send","Messages":[],"ComputerName":null,"Duration":"00:00:00.0082674","StartTime":"2023-03-15T17:24:04.6507775-03:00","EndTime":"2023-03-15T17:24:04.6596486-03:00","Properties":[{"Key":{"Id":"ExecutionId","Label":"ExecutionId","Category":"","Description":"","Attributes":1,"ValueType":"System.Guid"},"Value":"00000000-0000-0000-0000-000000000000"},{"Key":{"Id":"ParentExecId","Label":"ParentExecId","Category":"","Description":"","Attributes":1,"ValueType":"System.Guid"},"Value":"00000000-0000-0000-0000-000000000000"},{"Key":{"Id":"InnerResultsCount","Label":"InnerResultsCount","Category":"","Description":"","Attributes":1,"ValueType":"System.Int32"},"Value":0}]},{"TestCase":{"Id":"38d4a25f-c806-9409-d7e3-86e3ef6d4a21","FullyQualifiedName":"PaymentContext.Tests.Mock.FakeStudentRepository.CreateSubscription","DisplayName":"CreateSubscription","ExecutorUri":"executor://MSTestAdapter/v2","Source":"C:\\balta\\PaymentContext\\PaymentContext.Tests\\bin\\Debug\\net7.0\\fine-code-coverage\\build-output\\PaymentContext.Tests.dll","CodeFilePath":null,"LineNumber":-1,"Properties":[{"Key":{"Id":"TestCase.ManagedType","Label":"ManagedType","Category":"","Description":"","Attributes":1,"ValueType":"System.String"},"Value":"PaymentContext.Tests.Mock.FakeStudentRepository"},{"Key":{"Id":"TestCase.ManagedMethod","Label":"ManagedMethod","Category":"","Description":"","Attributes":1,"ValueType":"System.String"},"Value":"CreateSubscription(PaymentContext.Domain.Entites.Student)"},{"Key":{"Id":"MSTestDiscoverer.TestClassName","Label":"ClassName","Category":"","Description":"","Attributes":1,"ValueType":"System.String"},"Value":"PaymentContext.Tests.Mock.FakeStudentRepository"},{"Key":{"Id":"TestCase.Hierarchy","Label":"Hierarchy","Category":"","Description":"","Attributes":2,"ValueType":"System.String[]"},"Value":["PaymentContext.Tests.Mock","FakeStudentRepository"]},{"Key":{"Id":"TestObject.Traits","Label":"Traits","Category":"","Description":"","Attributes":5,"ValueType":"System.Collections.Generic.KeyValuePair`2[[System.String],[System.String]][]"},"Value":[]}]},"Attachments":[],"Outcome":2,"ErrorMessage":"Test method PaymentContext.Tests.Mock.FakeStudentRepository.CreateSubscription threw exception: \r\nMicrosoft.VisualStudio.TestPlatform.MSTest.TestAdapter.ObjectModel.TestFailedException: Only data driven test methods can have parameters. Did you intend to use [DataRow] or [DynamicData]?","ErrorStackTrace":"   at Microsoft.VisualStudio.TestPlatform.MSTestAdapter.PlatformServices.ThreadOperations.ExecuteWithAbortSafety(Action action)\r\n","DisplayName":"CreateSubscription","Messages":[],"ComputerName":null,"Duration":"00:00:00.0002985","StartTime":"2023-03-15T17:24:04.6626573-03:00","EndTime":"2023-03-15T17:24:04.663384-03:00","Properties":[{"Key":{"Id":"ExecutionId","Label":"ExecutionId","Category":"","Description":"","Attributes":1,"ValueType":"System.Guid"},"Value":"00000000-0000-0000-0000-000000000000"},{"Key":{"Id":"ParentExecId","Label":"ParentExecId","Category":"","Description":"","Attributes":1,"ValueType":"System.Guid"},"Value":"00000000-0000-0000-0000-000000000000"},{"Key":{"Id":"InnerResultsCount","Label":"InnerResultsCount","Category":"","Description":"","Attributes":1,"ValueType":"System.Int32"},"Value":0}]},{"TestCase":{"Id":"7f1c3c43-1ab4-9fb4-5be1-ce36c1527ba6","FullyQualifiedName":"PaymentContext.Tests.Handlers.SubscriptionHandlerTests.ShouldReturnErrorWhenDocumentExists","DisplayName":"ShouldReturnErrorWhenDocumentExists","ExecutorUri":"executor://MSTestAdapter/v2","Source":"C:\\balta\\PaymentContext\\PaymentContext.Tests\\bin\\Debug\\net7.0\\fine-code-coverage\\build-output\\PaymentContext.Tests.dll","CodeFilePath":null,"LineNumber":-1,"Properties":[{"Key":{"Id":"TestCase.ManagedType","Label":"ManagedType","Category":"","Description":"","Attributes":1,"ValueType":"System.String"},"Value":"PaymentContext.Tests.Handlers.SubscriptionHandlerTests"},{"Key":{"Id":"TestCase.ManagedMethod","Label":"ManagedMethod","Category":"","Description":"","Attributes":1,"ValueType":"System.String"},"Value":"ShouldReturnErrorWhenDocumentExists"},{"Key":{"Id":"MSTestDiscoverer.TestClassName","Label":"ClassName","Category":"","Description":"","Attributes":1,"ValueType":"System.String"},"Value":"PaymentContext.Tests.Handlers.SubscriptionHandlerTests"},{"Key":{"Id":"TestCase.Hierarchy","Label":"Hierarchy","Category":"","Description":"","Attributes":2,"ValueType":"System.String[]"},"Value":["PaymentContext.Tests.Handlers","SubscriptionHandlerTests"]},{"Key":{"Id":"TestObject.Traits","Label":"Traits","Category":"","Description":"","Attributes":5,"ValueType":"System.Collections.Generic.KeyValuePair`2[[System.String],[System.String]][]"},"Value":[]}]},"Attachments":[],"Outcome":1,"ErrorMessage":null,"ErrorStackTrace":null,"DisplayName":"ShouldReturnErrorWhenDocumentExists","Messages":[],"ComputerName":null,"Duration":"00:00:00.0022232","StartTime":"2023-03-15T17:24:04.6662148-03:00","EndTime":"2023-03-15T17:24:04.668736-03:00","Properties":[{"Key":{"Id":"ExecutionId","Label":"ExecutionId","Category":"","Description":"","Attributes":1,"ValueType":"System.Guid"},"Value":"00000000-0000-0000-0000-000000000000"},{"Key":{"Id":"ParentExecId","Label":"ParentExecId","Category":"","Description":"","Attributes":1,"ValueType":"System.Guid"},"Value":"00000000-0000-0000-0000-000000000000"},{"Key":{"Id":"InnerResultsCount","Label":"InnerResultsCount","Category":"","Description":"","Attributes":1,"ValueType":"System.Int32"},"Value":0}]},{"TestCase":{"Id":"a5f40f29-6fcf-abbe-be2b-4fb94c769d01","FullyQualifiedName":"PaymentContext.Tests.Entites.StudentTests.ShouldReturnErrorWhenHadActiveSubscription","DisplayName":"ShouldReturnErrorWhenHadActiveSubscription","ExecutorUri":"executor://MSTestAdapter/v2","Source":"C:\\balta\\PaymentContext\\PaymentContext.Tests\\bin\\Debug\\net7.0\\fine-code-coverage\\build-output\\PaymentContext.Tests.dll","CodeFilePath":null,"LineNumber":-1,"Properties":[{"Key":{"Id":"TestCase.ManagedType","Label":"ManagedType","Category":"","Description":"","Attributes":1,"ValueType":"System.String"},"Value":"PaymentContext.Tests.Entites.StudentTests"},{"Key":{"Id":"TestCase.ManagedMethod","Label":"ManagedMethod","Category":"","Description":"","Attributes":1,"ValueType":"System.String"},"Value":"ShouldReturnErrorWhenHadActiveSubscription"},{"Key":{"Id":"MSTestDiscoverer.TestClassName","Label":"ClassName","Category":"","Description":"","Attributes":1,"ValueType":"System.String"},"Value":"PaymentContext.Tests.Entites.StudentTests"},{"Key":{"Id":"TestCase.Hierarchy","Label":"Hierarchy","Category":"","Description":"","Attributes":2,"ValueType":"System.String[]"},"Value":["PaymentContext.Tests.Entites","StudentTests"]},{"Key":{"Id":"TestObject.Traits","Label":"Traits","Category":"","Description":"","Attributes":5,"ValueType":"System.Collections.Generic.KeyValuePair`2[[System.String],[System.String]][]"},"Value":[]}]},"Attachments":[],"Outcome":1,"ErrorMessage":null,"ErrorStackTrace":null,"DisplayName":"ShouldReturnErrorWhenHadActiveSubscription","Messages":[],"ComputerName":null,"Duration":"00:00:00.0028543","StartTime":"2023-03-15T17:24:04.6713437-03:00","EndTime":"2023-03-15T17:24:04.6745318-03:00","Properties":[{"Key":{"Id":"ExecutionId","Label":"ExecutionId","Category":"","Description":"","Attributes":1,"ValueType":"System.Guid"},"Value":"00000000-0000-0000-0000-000000000000"},{"Key":{"Id":"ParentExecId","Label":"ParentExecId","Category":"","Description":"","Attributes":1,"ValueType":"System.Guid"},"Value":"00000000-0000-0000-0000-000000000000"},{"Key":{"Id":"InnerResultsCount","Label":"InnerResultsCount","Category":"","Description":"","Attributes":1,"ValueType":"System.Int32"},"Value":0}]},{"TestCase":{"Id":"1be92f1c-fa2b-16d1-7cb9-eb9da7cee0ff","FullyQualifiedName":"PaymentContext.Tests.Entites.StudentTests.ShouldReturnErrorWhenSubscriptionHasNoPayment","DisplayName":"ShouldReturnErrorWhenSubscriptionHasNoPayment","ExecutorUri":"executor://MSTestAdapter/v2","Source":"C:\\balta\\PaymentContext\\PaymentContext.Tests\\bin\\Debug\\net7.0\\fine-code-coverage\\build-output\\PaymentContext.Tests.dll","CodeFilePath":null,"LineNumber":-1,"Properties":[{"Key":{"Id":"TestCase.ManagedType","Label":"ManagedType","Category":"","Description":"","Attributes":1,"ValueType":"System.String"},"Value":"PaymentContext.Tests.Entites.StudentTests"},{"Key":{"Id":"TestCase.ManagedMethod","Label":"ManagedMethod","Category":"","Description":"","Attributes":1,"ValueType":"System.String"},"Value":"ShouldReturnErrorWhenSubscriptionHasNoPayment"},{"Key":{"Id":"MSTestDiscoverer.TestClassName","Label":"ClassName","Category":"","Description":"","Attributes":1,"ValueType":"System.String"},"Value":"PaymentContext.Tests.Entites.StudentTests"},{"Key":{"Id":"TestCase.Hierarchy","Label":"Hierarchy","Category":"","Description":"","Attributes":2,"ValueType":"System.String[]"},"Value":["PaymentContext.Tests.Entites","StudentTests"]},{"Key":{"Id":"TestObject.Traits","Label":"Traits","Category":"","Description":"","Attributes":5,"ValueType":"System.Collections.Generic.KeyValuePair`2[[System.String],[System.String]][]"},"Value":[]}]},"Attachments":[],"Outcome":1,"ErrorMessage":null,"ErrorStackTrace":null,"DisplayName":"ShouldReturnErrorWhenSubscriptionHasNoPayment","Messages":[],"ComputerName":null,"Duration":"00:00:00.0003424","StartTime":"2023-03-15T17:24:04.6774646-03:00","EndTime":"2023-03-15T17:24:04.6780357-03:00","Properties":[{"Key":{"Id":"ExecutionId","Label":"ExecutionId","Category":"","Description":"","Attributes":1,"ValueType":"System.Guid"},"Value":"00000000-0000-0000-0000-000000000000"},{"Key":{"Id":"ParentExecId","Label":"ParentExecId","Category":"","Description":"","Attributes":1,"ValueType":"System.Guid"},"Value":"00000000-0000-0000-0000-000000000000"},{"Key":{"Id":"InnerResultsCount","Label":"InnerResultsCount","Category":"","Description":"","Attributes":1,"ValueType":"System.Int32"},"Value":0}]},{"TestCase":{"Id":"92893dd9-7121-4e33-3413-26e9a66b5a93","FullyQualifiedName":"PaymentContext.Tests.Entites.StudentTests.ShouldReturnSuccessWhenAddSubscription","DisplayName":"ShouldReturnSuccessWhenAddSubscription","ExecutorUri":"executor://MSTestAdapter/v2","Source":"C:\\balta\\PaymentContext\\PaymentContext.Tests\\bin\\Debug\\net7.0\\fine-code-coverage\\build-output\\PaymentContext.Tests.dll","CodeFilePath":null,"LineNumber":-1,"Properties":[{"Key":{"Id":"TestCase.ManagedType","Label":"ManagedType","Category":"","Description":"","Attributes":1,"ValueType":"System.String"},"Value":"PaymentContext.Tests.Entites.StudentTests"},{"Key":{"Id":"TestCase.ManagedMethod","Label":"ManagedMethod","Category":"","Description":"","Attributes":1,"ValueType":"System.String"},"Value":"ShouldReturnSuccessWhenAddSubscription"},{"Key":{"Id":"MSTestDiscoverer.TestClassName","Label":"ClassName","Category":"","Description":"","Attributes":1,"ValueType":"System.String"},"Value":"PaymentContext.Tests.Entites.StudentTests"},{"Key":{"Id":"TestCase.Hierarchy","Label":"Hierarchy","Category":"","Description":"","Attributes":2,"ValueType":"System.String[]"},"Value":["PaymentContext.Tests.Entites","StudentTests"]},{"Key":{"Id":"TestObject.Traits","Label":"Traits","Category":"","Description":"","Attributes":5,"ValueType":"System.Collections.Generic.KeyValuePair`2[[System.String],[System.String]][]"},"Value":[]}]},"Attachments":[],"Outcome":1,"ErrorMessage":null,"ErrorStackTrace":null,"DisplayName":"ShouldReturnSuccessWhenAddSubscription","Messages":[],"ComputerName":null,"Duration":"00:00:00.0002412","StartTime":"2023-03-15T17:24:04.6847931-03:00","EndTime":"2023-03-15T17:24:04.6852468-03:00","Properties":[{"Key":{"Id":"ExecutionId","Label":"ExecutionId","Category":"","Description":"","Attributes":1,"ValueType":"System.Guid"},"Value":"00000000-0000-0000-0000-000000000000"},{"Key":{"Id":"ParentExecId","Label":"ParentExecId","Category":"","Description":"","Attributes":1,"ValueType":"System.Guid"},"Value":"00000000-0000-0000-0000-000000000000"},{"Key":{"Id":"InnerResultsCount","Label":"InnerResultsCount","Category":"","Description":"","Attributes":1,"ValueType":"System.Int32"},"Value":0}]},{"TestCase":{"Id":"f3da4d55-2db1-8506-7122-4a625d65e002","FullyQualifiedName":"PaymentContext.Tests.Commands.CreateBoletoSubscriptionCommandTests.ShouldReturnErrorWhenNameIsInvalid","DisplayName":"ShouldReturnErrorWhenNameIsInvalid","ExecutorUri":"executor://MSTestAdapter/v2","Source":"C:\\balta\\PaymentContext\\PaymentContext.Tests\\bin\\Debug\\net7.0\\fine-code-coverage\\build-output\\PaymentContext.Tests.dll","CodeFilePath":null,"LineNumber":-1,"Properties":[{"Key":{"Id":"TestCase.ManagedType","Label":"ManagedType","Category":"","Description":"","Attributes":1,"ValueType":"System.String"},"Value":"PaymentContext.Tests.Commands.CreateBoletoSubscriptionCommandTests"},{"Key":{"Id":"TestCase.ManagedMethod","Label":"ManagedMethod","Category":"","Description":"","Attributes":1,"ValueType":"System.String"},"Value":"ShouldReturnErrorWhenNameIsInvalid"},{"Key":{"Id":"MSTestDiscoverer.TestClassName","Label":"ClassName","Category":"","Description":"","Attributes":1,"ValueType":"System.String"},"Value":"PaymentContext.Tests.Commands.CreateBoletoSubscriptionCommandTests"},{"Key":{"Id":"TestCase.Hierarchy","Label":"Hierarchy","Category":"","Description":"","Attributes":2,"ValueType":"System.String[]"},"Value":["PaymentContext.Tests.Commands","CreateBoletoSubscriptionCommandTests"]},{"Key":{"Id":"TestObject.Traits","Label":"Traits","Category":"","Description":"","Attributes":5,"ValueType":"System.Collections.Generic.KeyValuePair`2[[System.String],[System.String]][]"},"Value":[]}]},"Attachments":[],"Outcome":1,"ErrorMessage":null,"ErrorStackTrace":null,"DisplayName":"ShouldReturnErrorWhenNameIsInvalid","Messages":[],"ComputerName":null,"Duration":"00:00:00.0001608","StartTime":"2023-03-15T17:24:04.6882177-03:00","EndTime":"2023-03-15T17:24:04.6888225-03:00","Properties":[{"Key":{"Id":"ExecutionId","Label":"ExecutionId","Category":"","Description":"","Attributes":1,"ValueType":"System.Guid"},"Value":"00000000-0000-0000-0000-000000000000"},{"Key":{"Id":"ParentExecId","Label":"ParentExecId","Category":"","Description":"","Attributes":1,"ValueType":"System.Guid"},"Value":"00000000-0000-0000-0000-000000000000"},{"Key":{"Id":"InnerResultsCount","Label":"InnerResultsCount","Category":"","Description":"","Attributes":1,"ValueType":"System.Int32"},"Value":0}]}],"TestRunStatistics":{"ExecutedTests":16,"Stats":{"Passed":14,"Failed":2}},"ActiveTests":[]},"RunAttachments":[],"ExecutorUris":["executor://mstestadapter/v2"]}}
TpTrace Verbose: 0 : 4420, 4, 2023/03/15, 17:24:04.704, 1700616557512, testhost.dll, BaseRunTests.RunTests: Run is complete.
TpTrace Verbose: 0 : 4420, 9, 2023/03/15, 17:24:04.705, 1700616564312, testhost.dll, TcpClientExtensions.MessageLoopAsync: NotifyDataAvailable remoteEndPoint: [::ffff:127.0.0.1]:58454 localEndPoint: [::ffff:127.0.0.1]:58455
TpTrace Information: 0 : 4420, 9, 2023/03/15, 17:24:04.705, 1700616565239, testhost.dll, TestRequestHandler.OnMessageReceived: received message: (TestSession.Terminate) -> {"MessageType":"TestSession.Terminate","Payload":null}
TpTrace Information: 0 : 4420, 9, 2023/03/15, 17:24:04.705, 1700616565534, testhost.dll, Session End message received from server. Closing the connection.
TpTrace Information: 0 : 4420, 9, 2023/03/15, 17:24:04.705, 1700616568028, testhost.dll, SocketClient.Stop: Stop communication from server endpoint: 127.0.0.1:058454
TpTrace Information: 0 : 4420, 9, 2023/03/15, 17:24:04.705, 1700616568491, testhost.dll, SocketClient: Stop: Cancellation requested. Stopping message loop.
TpTrace Verbose: 0 : 4420, 9, 2023/03/15, 17:24:04.705, 1700616569734, testhost.dll, LengthPrefixCommunicationChannel.Dispose: Dispose reader and writer.
TpTrace Information: 0 : 4420, 9, 2023/03/15, 17:24:04.705, 1700616570262, testhost.dll, Closing the connection !
TpTrace Verbose: 0 : 4420, 9, 2023/03/15, 17:24:04.705, 1700616570509, testhost.dll, MulticastDelegateUtilities.SafeInvoke: LengthPrefixCommunicationChannel: MessageReceived: Invoking callback 1/1 for Microsoft.VisualStudio.TestPlatform.CommunicationUtilities.TestRequestHandler.OnMessageReceived, took 0 ms.
TpTrace Information: 0 : 4420, 9, 2023/03/15, 17:24:04.705, 1700616572086, testhost.dll, SocketClient.PrivateStop: Stop communication from server endpoint: 127.0.0.1:058454, error:
TpTrace Information: 0 : 4420, 1, 2023/03/15, 17:24:04.706, 1700616575243, testhost.dll, Closing the connection!
TpTrace Information: 0 : 4420, 1, 2023/03/15, 17:24:04.706, 1700616576642, testhost.dll, SocketClient.Stop: Stop communication from server endpoint: 127.0.0.1:058454
TpTrace Verbose: 0 : 4420, 1, 2023/03/15, 17:24:04.706, 1700616577026, testhost.dll, LengthPrefixCommunicationChannel.Dispose: Dispose reader and writer.
TpTrace Verbose: 0 : 4420, 9, 2023/03/15, 17:24:04.706, 1700616576641, testhost.dll, LengthPrefixCommunicationChannel.Dispose: Dispose reader and writer.
TpTrace Information: 0 : 4420, 1, 2023/03/15, 17:24:04.706, 1700616577978, testhost.dll, Testhost process exiting.
TpTrace Verbose: 0 : 4420, 9, 2023/03/15, 17:24:04.706, 1700616578004, testhost.dll, TcpClientExtensions.MessageLoopAsync: exiting MessageLoopAsync remoteEndPoint: [::ffff:127.0.0.1]:58454 localEndPoint: [::ffff:127.0.0.1]:58455
